Mock Version: 5.6
ENTER ['do_with_status'](['bash', '--login', '-c', '/usr/bin/rpmbuild -bs  --target x86_64 --nodeps /builddir/build/SPECS/libdaq.spec'], chrootPath='/var/lib/mock/sdk9/root'env={'TERM': 'vt100', 'SHELL': '/bin/bash', 'HOME': '/builddir', 'HOSTNAME': 'mock', 'PATH': '/usr/bin:/bin:/usr/sbin:/sbin', 'PROMPT_COMMAND': 'printf "\\033]0;<mock-chroot>\\007"', 'PS1': '<mock-chroot> \\s-\\v\\$ ', 'LANG': 'C.UTF-8'}shell=Falselogger=<mockbuild.trace_decorator.getLog object at 0x7fe14ce46a30>timeout=0uid=0gid=135user='mockbuild'nspawn_args=['--capability=cap_ipc_lock', '--bind=/tmp/mock-resolv.c0q099xu:/etc/resolv.conf', '--bind=/dev/mapper/control', '--bind=/dev/fuse', '--bind=/dev/loop-control', '--bind=/dev/loop0', '--bind=/dev/loop1', '--bind=/dev/loop2', '--bind=/dev/loop3', '--bind=/dev/loop4', '--bind=/dev/loop5', '--bind=/dev/loop6', '--bind=/dev/loop7', '--bind=/dev/loop8', '--bind=/dev/loop9', '--bind=/dev/loop10', '--bind=/dev/loop11']unshare_net=FalseprintOutput=True)
Using nspawn with args ['--capability=cap_ipc_lock', '--bind=/tmp/mock-resolv.c0q099xu:/etc/resolv.conf', '--bind=/dev/mapper/control', '--bind=/dev/fuse', '--bind=/dev/loop-control', '--bind=/dev/loop0', '--bind=/dev/loop1', '--bind=/dev/loop2', '--bind=/dev/loop3', '--bind=/dev/loop4', '--bind=/dev/loop5', '--bind=/dev/loop6', '--bind=/dev/loop7', '--bind=/dev/loop8', '--bind=/dev/loop9', '--bind=/dev/loop10', '--bind=/dev/loop11']
Executing command: ['/usr/bin/systemd-nspawn', '-q', '-M', '2eae94d42c2c4da2b399d6ac72593ce8', '-D', '/var/lib/mock/sdk9/root', '-a', '-u', 'mockbuild', '--capability=cap_ipc_lock', '--bind=/tmp/mock-resolv.c0q099xu:/etc/resolv.conf', '--bind=/dev/mapper/control', '--bind=/dev/fuse', '--bind=/dev/loop-control', '--bind=/dev/loop0', '--bind=/dev/loop1', '--bind=/dev/loop2', '--bind=/dev/loop3', '--bind=/dev/loop4', '--bind=/dev/loop5', '--bind=/dev/loop6', '--bind=/dev/loop7', '--bind=/dev/loop8', '--bind=/dev/loop9', '--bind=/dev/loop10', '--bind=/dev/loop11', '--console=pipe', '--setenv=TERM=vt100', '--setenv=SHELL=/bin/bash', '--setenv=HOME=/builddir', '--setenv=HOSTNAME=mock', '--setenv=PATH=/usr/bin:/bin:/usr/sbin:/sbin', '--setenv=PROMPT_COMMAND=printf "\\033]0;<mock-chroot>\\007"', '--setenv=PS1=<mock-chroot> \\s-\\v\\$ ', '--setenv=LANG=C.UTF-8', '--resolv-conf=off', 'bash', '--login', '-c', '/usr/bin/rpmbuild -bs  --target x86_64 --nodeps /builddir/build/SPECS/libdaq.spec'] with env {'TERM': 'vt100', 'SHELL': '/bin/bash', 'HOME': '/builddir', 'HOSTNAME': 'mock', 'PATH': '/usr/bin:/bin:/usr/sbin:/sbin', 'PROMPT_COMMAND': 'printf "\\033]0;<mock-chroot>\\007"', 'PS1': '<mock-chroot> \\s-\\v\\$ ', 'LANG': 'C.UTF-8', 'SYSTEMD_NSPAWN_TMPFS_TMP': '0', 'SYSTEMD_SECCOMP': '0'} and shell False
Building target platforms: x86_64
Building for target x86_64
Wrote: /builddir/build/SRPMS/daq-4580f3-1.el9.rb.src.rpm
Child return code was: 0
Mock Version: 5.6
ENTER ['do_with_status'](['bash', '--login', '-c', '/usr/bin/rpmbuild -bs  --target x86_64 --nodeps /builddir/build/SPECS/libdaq.spec'], chrootPath='/var/lib/mock/sdk9/root'env={'TERM': 'vt100', 'SHELL': '/bin/bash', 'HOME': '/builddir', 'HOSTNAME': 'mock', 'PATH': '/usr/bin:/bin:/usr/sbin:/sbin', 'PROMPT_COMMAND': 'printf "\\033]0;<mock-chroot>\\007"', 'PS1': '<mock-chroot> \\s-\\v\\$ ', 'LANG': 'C.UTF-8'}shell=Falselogger=<mockbuild.trace_decorator.getLog object at 0x7f7531ca6a30>timeout=0uid=0gid=135user='mockbuild'nspawn_args=['--capability=cap_ipc_lock', '--bind=/tmp/mock-resolv.t2gay_96:/etc/resolv.conf', '--bind=/dev/mapper/control', '--bind=/dev/fuse', '--bind=/dev/loop-control', '--bind=/dev/loop0', '--bind=/dev/loop1', '--bind=/dev/loop2', '--bind=/dev/loop3', '--bind=/dev/loop4', '--bind=/dev/loop5', '--bind=/dev/loop6', '--bind=/dev/loop7', '--bind=/dev/loop8', '--bind=/dev/loop9', '--bind=/dev/loop10', '--bind=/dev/loop11']unshare_net=FalseprintOutput=True)
Using nspawn with args ['--capability=cap_ipc_lock', '--bind=/tmp/mock-resolv.t2gay_96:/etc/resolv.conf', '--bind=/dev/mapper/control', '--bind=/dev/fuse', '--bind=/dev/loop-control', '--bind=/dev/loop0', '--bind=/dev/loop1', '--bind=/dev/loop2', '--bind=/dev/loop3', '--bind=/dev/loop4', '--bind=/dev/loop5', '--bind=/dev/loop6', '--bind=/dev/loop7', '--bind=/dev/loop8', '--bind=/dev/loop9', '--bind=/dev/loop10', '--bind=/dev/loop11']
Executing command: ['/usr/bin/systemd-nspawn', '-q', '-M', 'e42f9175532a40fd9c5a0faac884506c', '-D', '/var/lib/mock/sdk9/root', '-a', '-u', 'mockbuild', '--capability=cap_ipc_lock', '--bind=/tmp/mock-resolv.t2gay_96:/etc/resolv.conf', '--bind=/dev/mapper/control', '--bind=/dev/fuse', '--bind=/dev/loop-control', '--bind=/dev/loop0', '--bind=/dev/loop1', '--bind=/dev/loop2', '--bind=/dev/loop3', '--bind=/dev/loop4', '--bind=/dev/loop5', '--bind=/dev/loop6', '--bind=/dev/loop7', '--bind=/dev/loop8', '--bind=/dev/loop9', '--bind=/dev/loop10', '--bind=/dev/loop11', '--console=pipe', '--setenv=TERM=vt100', '--setenv=SHELL=/bin/bash', '--setenv=HOME=/builddir', '--setenv=HOSTNAME=mock', '--setenv=PATH=/usr/bin:/bin:/usr/sbin:/sbin', '--setenv=PROMPT_COMMAND=printf "\\033]0;<mock-chroot>\\007"', '--setenv=PS1=<mock-chroot> \\s-\\v\\$ ', '--setenv=LANG=C.UTF-8', '--resolv-conf=off', 'bash', '--login', '-c', '/usr/bin/rpmbuild -bs  --target x86_64 --nodeps /builddir/build/SPECS/libdaq.spec'] with env {'TERM': 'vt100', 'SHELL': '/bin/bash', 'HOME': '/builddir', 'HOSTNAME': 'mock', 'PATH': '/usr/bin:/bin:/usr/sbin:/sbin', 'PROMPT_COMMAND': 'printf "\\033]0;<mock-chroot>\\007"', 'PS1': '<mock-chroot> \\s-\\v\\$ ', 'LANG': 'C.UTF-8', 'SYSTEMD_NSPAWN_TMPFS_TMP': '0', 'SYSTEMD_SECCOMP': '0'} and shell False
Building target platforms: x86_64
Building for target x86_64
Wrote: /builddir/build/SRPMS/libdaq-4580f3-1.el9.rb.src.rpm
Child return code was: 0
Mock Version: 5.6
ENTER ['do_with_status'](['bash', '--login', '-c', '/usr/bin/rpmbuild -bs  --target x86_64 --nodeps /builddir/build/SPECS/libdaq.spec'], chrootPath='/var/lib/mock/sdk9/root'env={'TERM': 'vt100', 'SHELL': '/bin/bash', 'HOME': '/builddir', 'HOSTNAME': 'mock', 'PATH': '/usr/bin:/bin:/usr/sbin:/sbin', 'PROMPT_COMMAND': 'printf "\\033]0;<mock-chroot>\\007"', 'PS1': '<mock-chroot> \\s-\\v\\$ ', 'LANG': 'C.UTF-8'}shell=Falselogger=<mockbuild.trace_decorator.getLog object at 0x7fc67a126a30>timeout=0uid=0gid=135user='mockbuild'nspawn_args=['--capability=cap_ipc_lock', '--bind=/tmp/mock-resolv.o2flt19j:/etc/resolv.conf', '--bind=/dev/mapper/control', '--bind=/dev/fuse', '--bind=/dev/loop-control', '--bind=/dev/loop0', '--bind=/dev/loop1', '--bind=/dev/loop2', '--bind=/dev/loop3', '--bind=/dev/loop4', '--bind=/dev/loop5', '--bind=/dev/loop6', '--bind=/dev/loop7', '--bind=/dev/loop8', '--bind=/dev/loop9', '--bind=/dev/loop10', '--bind=/dev/loop11']unshare_net=FalseprintOutput=True)
Using nspawn with args ['--capability=cap_ipc_lock', '--bind=/tmp/mock-resolv.o2flt19j:/etc/resolv.conf', '--bind=/dev/mapper/control', '--bind=/dev/fuse', '--bind=/dev/loop-control', '--bind=/dev/loop0', '--bind=/dev/loop1', '--bind=/dev/loop2', '--bind=/dev/loop3', '--bind=/dev/loop4', '--bind=/dev/loop5', '--bind=/dev/loop6', '--bind=/dev/loop7', '--bind=/dev/loop8', '--bind=/dev/loop9', '--bind=/dev/loop10', '--bind=/dev/loop11']
Executing command: ['/usr/bin/systemd-nspawn', '-q', '-M', '16135a51c38e45bb8d33d04745d637bd', '-D', '/var/lib/mock/sdk9/root', '-a', '-u', 'mockbuild', '--capability=cap_ipc_lock', '--bind=/tmp/mock-resolv.o2flt19j:/etc/resolv.conf', '--bind=/dev/mapper/control', '--bind=/dev/fuse', '--bind=/dev/loop-control', '--bind=/dev/loop0', '--bind=/dev/loop1', '--bind=/dev/loop2', '--bind=/dev/loop3', '--bind=/dev/loop4', '--bind=/dev/loop5', '--bind=/dev/loop6', '--bind=/dev/loop7', '--bind=/dev/loop8', '--bind=/dev/loop9', '--bind=/dev/loop10', '--bind=/dev/loop11', '--console=pipe', '--setenv=TERM=vt100', '--setenv=SHELL=/bin/bash', '--setenv=HOME=/builddir', '--setenv=HOSTNAME=mock', '--setenv=PATH=/usr/bin:/bin:/usr/sbin:/sbin', '--setenv=PROMPT_COMMAND=printf "\\033]0;<mock-chroot>\\007"', '--setenv=PS1=<mock-chroot> \\s-\\v\\$ ', '--setenv=LANG=C.UTF-8', '--resolv-conf=off', 'bash', '--login', '-c', '/usr/bin/rpmbuild -bs  --target x86_64 --nodeps /builddir/build/SPECS/libdaq.spec'] with env {'TERM': 'vt100', 'SHELL': '/bin/bash', 'HOME': '/builddir', 'HOSTNAME': 'mock', 'PATH': '/usr/bin:/bin:/usr/sbin:/sbin', 'PROMPT_COMMAND': 'printf "\\033]0;<mock-chroot>\\007"', 'PS1': '<mock-chroot> \\s-\\v\\$ ', 'LANG': 'C.UTF-8', 'SYSTEMD_NSPAWN_TMPFS_TMP': '0', 'SYSTEMD_SECCOMP': '0'} and shell False
Building target platforms: x86_64
Building for target x86_64
Wrote: /builddir/build/SRPMS/libdaq-4580f3-1.el9.rb.src.rpm
Child return code was: 0
ENTER ['do_with_status'](['bash', '--login', '-c', '/usr/bin/rpmbuild -bb  --target x86_64 --nodeps /builddir/build/SPECS/libdaq.spec'], chrootPath='/var/lib/mock/sdk9/root'env={'TERM': 'vt100', 'SHELL': '/bin/bash', 'HOME': '/builddir', 'HOSTNAME': 'mock', 'PATH': '/usr/bin:/bin:/usr/sbin:/sbin', 'PROMPT_COMMAND': 'printf "\\033]0;<mock-chroot>\\007"', 'PS1': '<mock-chroot> \\s-\\v\\$ ', 'LANG': 'C.UTF-8'}shell=Falselogger=<mockbuild.trace_decorator.getLog object at 0x7fc67a126a30>timeout=0uid=0gid=135user='mockbuild'nspawn_args=['--capability=cap_ipc_lock', '--bind=/tmp/mock-resolv.o2flt19j:/etc/resolv.conf', '--bind=/dev/mapper/control', '--bind=/dev/fuse', '--bind=/dev/loop-control', '--bind=/dev/loop0', '--bind=/dev/loop1', '--bind=/dev/loop2', '--bind=/dev/loop3', '--bind=/dev/loop4', '--bind=/dev/loop5', '--bind=/dev/loop6', '--bind=/dev/loop7', '--bind=/dev/loop8', '--bind=/dev/loop9', '--bind=/dev/loop10', '--bind=/dev/loop11']unshare_net=FalseprintOutput=True)
Using nspawn with args ['--capability=cap_ipc_lock', '--bind=/tmp/mock-resolv.o2flt19j:/etc/resolv.conf', '--bind=/dev/mapper/control', '--bind=/dev/fuse', '--bind=/dev/loop-control', '--bind=/dev/loop0', '--bind=/dev/loop1', '--bind=/dev/loop2', '--bind=/dev/loop3', '--bind=/dev/loop4', '--bind=/dev/loop5', '--bind=/dev/loop6', '--bind=/dev/loop7', '--bind=/dev/loop8', '--bind=/dev/loop9', '--bind=/dev/loop10', '--bind=/dev/loop11']
Executing command: ['/usr/bin/systemd-nspawn', '-q', '-M', '87b8d3f010be49f0bf5da3ea021a4b45', '-D', '/var/lib/mock/sdk9/root', '-a', '-u', 'mockbuild', '--capability=cap_ipc_lock', '--bind=/tmp/mock-resolv.o2flt19j:/etc/resolv.conf', '--bind=/dev/mapper/control', '--bind=/dev/fuse', '--bind=/dev/loop-control', '--bind=/dev/loop0', '--bind=/dev/loop1', '--bind=/dev/loop2', '--bind=/dev/loop3', '--bind=/dev/loop4', '--bind=/dev/loop5', '--bind=/dev/loop6', '--bind=/dev/loop7', '--bind=/dev/loop8', '--bind=/dev/loop9', '--bind=/dev/loop10', '--bind=/dev/loop11', '--console=pipe', '--setenv=TERM=vt100', '--setenv=SHELL=/bin/bash', '--setenv=HOME=/builddir', '--setenv=HOSTNAME=mock', '--setenv=PATH=/usr/bin:/bin:/usr/sbin:/sbin', '--setenv=PROMPT_COMMAND=printf "\\033]0;<mock-chroot>\\007"', '--setenv=PS1=<mock-chroot> \\s-\\v\\$ ', '--setenv=LANG=C.UTF-8', '--resolv-conf=off', 'bash', '--login', '-c', '/usr/bin/rpmbuild -bb  --target x86_64 --nodeps /builddir/build/SPECS/libdaq.spec'] with env {'TERM': 'vt100', 'SHELL': '/bin/bash', 'HOME': '/builddir', 'HOSTNAME': 'mock', 'PATH': '/usr/bin:/bin:/usr/sbin:/sbin', 'PROMPT_COMMAND': 'printf "\\033]0;<mock-chroot>\\007"', 'PS1': '<mock-chroot> \\s-\\v\\$ ', 'LANG': 'C.UTF-8', 'SYSTEMD_NSPAWN_TMPFS_TMP': '0', 'SYSTEMD_SECCOMP': '0'} and shell False
Building target platforms: x86_64
Building for target x86_64
Executing(%prep): /bin/sh -e /var/tmp/rpm-tmp.9tuJUF
+ umask 022
+ cd /builddir/build/BUILD
+ cd /builddir/build/BUILD
+ rm -rf libdaq-4580f3
+ /usr/bin/gzip -dc /builddir/build/SOURCES/libdaq-4580f3.tar.gz
+ /usr/bin/tar -xof -
+ STATUS=0
+ '[' 0 -ne 0 ']'
+ cd libdaq-4580f3
+ /usr/bin/chmod -Rf a+rX,u+w,g-w,o-w .
+ autoreconf -ivf -Wobsolete
autoreconf: Entering directory `.'
autoreconf: configure.ac: not using Gettext
autoreconf: running: aclocal --force --warnings=obsolete -I m4
autoreconf: configure.ac: tracing
autoreconf: running: libtoolize --copy --force
libtoolize: putting auxiliary files in '.'.
libtoolize: copying file './ltmain.sh'
libtoolize: putting macros in AC_CONFIG_MACRO_DIRS, 'm4'.
libtoolize: copying file 'm4/libtool.m4'
libtoolize: copying file 'm4/ltoptions.m4'
libtoolize: copying file 'm4/ltsugar.m4'
libtoolize: copying file 'm4/ltversion.m4'
libtoolize: copying file 'm4/lt~obsolete.m4'
autoreconf: running: /usr/bin/autoconf --force --warnings=obsolete
autoreconf: running: /usr/bin/autoheader --force --warnings=obsolete
autoreconf: running: automake --add-missing --copy --force-missing --warnings=obsolete
configure.ac:29: installing './ar-lib'
configure.ac:26: installing './compile'
configure.ac:34: installing './config.guess'
configure.ac:34: installing './config.sub'
configure.ac:19: installing './install-sh'
configure.ac:19: installing './missing'
api/Makefile.am: installing './depcomp'
parallel-tests: installing './test-driver'
autoreconf: Leaving directory `.'
+ RPM_EC=0
++ jobs -p
+ exit 0
Executing(%build): /bin/sh -e /var/tmp/rpm-tmp.nl8ejT
+ umask 022
+ cd /builddir/build/BUILD
+ cd libdaq-4580f3
+ CFLAGS='-O2 -flto=auto -ffat-lto-objects -fexceptions -g -grecord-gcc-switches -pipe -Wall -Werror=format-security -Wp,-D_FORTIFY_SOURCE=2 -Wp,-D_GLIBCXX_ASSERTIONS -specs=/usr/lib/rpm/redhat/redhat-hardened-cc1 -fstack-protector-strong -specs=/usr/lib/rpm/redhat/redhat-annobin-cc1  -m64 -march=x86-64-v2 -mtune=generic -fasynchronous-unwind-tables -fstack-clash-protection -fcf-protection'
+ export CFLAGS
+ CXXFLAGS='-O2 -flto=auto -ffat-lto-objects -fexceptions -g -grecord-gcc-switches -pipe -Wall -Werror=format-security -Wp,-D_FORTIFY_SOURCE=2 -Wp,-D_GLIBCXX_ASSERTIONS -specs=/usr/lib/rpm/redhat/redhat-hardened-cc1 -fstack-protector-strong -specs=/usr/lib/rpm/redhat/redhat-annobin-cc1  -m64 -march=x86-64-v2 -mtune=generic -fasynchronous-unwind-tables -fstack-clash-protection -fcf-protection'
+ export CXXFLAGS
+ FFLAGS='-O2 -flto=auto -ffat-lto-objects -fexceptions -g -grecord-gcc-switches -pipe -Wall -Werror=format-security -Wp,-D_FORTIFY_SOURCE=2 -Wp,-D_GLIBCXX_ASSERTIONS -specs=/usr/lib/rpm/redhat/redhat-hardened-cc1 -fstack-protector-strong -specs=/usr/lib/rpm/redhat/redhat-annobin-cc1  -m64 -march=x86-64-v2 -mtune=generic -fasynchronous-unwind-tables -fstack-clash-protection -fcf-protection -I/usr/lib64/gfortran/modules'
+ export FFLAGS
+ FCFLAGS='-O2 -flto=auto -ffat-lto-objects -fexceptions -g -grecord-gcc-switches -pipe -Wall -Werror=format-security -Wp,-D_FORTIFY_SOURCE=2 -Wp,-D_GLIBCXX_ASSERTIONS -specs=/usr/lib/rpm/redhat/redhat-hardened-cc1 -fstack-protector-strong -specs=/usr/lib/rpm/redhat/redhat-annobin-cc1  -m64 -march=x86-64-v2 -mtune=generic -fasynchronous-unwind-tables -fstack-clash-protection -fcf-protection -I/usr/lib64/gfortran/modules'
+ export FCFLAGS
+ LDFLAGS='-Wl,-z,relro -Wl,--as-needed  -Wl,-z,now -specs=/usr/lib/rpm/redhat/redhat-hardened-ld -specs=/usr/lib/rpm/redhat/redhat-annobin-cc1 '
+ export LDFLAGS
+ LT_SYS_LIBRARY_PATH=/usr/lib64:
+ export LT_SYS_LIBRARY_PATH
+ CC=gcc
+ export CC
+ CXX=g++
+ export CXX
+ '[' '-flto=auto -ffat-lto-objectsx' '!=' x ']'
++ find . -type f -name configure -print
+ for file in $(find . -type f -name configure -print)
+ /usr/bin/sed -r --in-place=.backup 's/^char \(\*f\) \(\) = /__attribute__ ((used)) char (*f) () = /g' ./configure
+ diff -u ./configure.backup ./configure
+ mv ./configure.backup ./configure
+ /usr/bin/sed -r --in-place=.backup 's/^char \(\*f\) \(\);/__attribute__ ((used)) char (*f) ();/g' ./configure
+ diff -u ./configure.backup ./configure
+ mv ./configure.backup ./configure
+ /usr/bin/sed -r --in-place=.backup 's/^char \$2 \(\);/__attribute__ ((used)) char \$2 ();/g' ./configure
+ diff -u ./configure.backup ./configure
--- ./configure.backup	2024-10-09 12:46:42.917486377 +0100
+++ ./configure	2024-10-09 12:46:43.582516776 +0100
@@ -1921,7 +1921,7 @@
 #ifdef __cplusplus
 extern "C"
 #endif
-char $2 ();
+__attribute__ ((used)) char $2 ();
 /* The GNU C library defines this for functions which it implements
     to always fail with ENOSYS.  Some functions are actually named
     something starting with __ and the normal name is an alias.  */
+ /usr/bin/sed --in-place=.backup '1{$!N;$!N};$!N;s/int x = 1;\nint y = 0;\nint z;\nint nan;/volatile int x = 1; volatile int y = 0; volatile int z, nan;/;P;D' ./configure
+ diff -u ./configure.backup ./configure
+ mv ./configure.backup ./configure
+ /usr/bin/sed --in-place=.backup 's#^lt_cv_sys_global_symbol_to_cdecl=.*#lt_cv_sys_global_symbol_to_cdecl="sed -n -e '\''s/^T .* \\(.*\\)$/extern int \\1();/p'\'' -e '\''s/^$symcode* .* \\(.*\\)$/extern char \\1;/p'\''"#' ./configure
+ diff -u ./configure.backup ./configure
--- ./configure.backup	2024-10-09 12:46:43.582516776 +0100
+++ ./configure	2024-10-09 12:46:43.594517325 +0100
@@ -7868,7 +7868,7 @@
 # Transform an extracted symbol line into a proper C declaration.
 # Some systems (esp. on ia64) link data and code symbols differently,
 # so use this general approach.
-lt_cv_sys_global_symbol_to_cdecl="sed -n"\
+lt_cv_sys_global_symbol_to_cdecl="sed -n -e 's/^T .* \(.*\)$/extern int \1();/p' -e 's/^$symcode* .* \(.*\)$/extern char \1;/p'"
 $lt_cdecl_hook\
 " -e 's/^T .* \(.*\)$/extern int \1();/p'"\
 " -e 's/^$symcode$symcode* .* \(.*\)$/extern char \1;/p'"
@@ -20488,7 +20488,7 @@
 compiler='`$ECHO "$compiler" | $SED "$delay_single_quote_subst"`'
 GCC='`$ECHO "$GCC" | $SED "$delay_single_quote_subst"`'
 lt_cv_sys_global_symbol_pipe='`$ECHO "$lt_cv_sys_global_symbol_pipe" | $SED "$delay_single_quote_subst"`'
-lt_cv_sys_global_symbol_to_cdecl='`$ECHO "$lt_cv_sys_global_symbol_to_cdecl" | $SED "$delay_single_quote_subst"`'
+lt_cv_sys_global_symbol_to_cdecl="sed -n -e 's/^T .* \(.*\)$/extern int \1();/p' -e 's/^$symcode* .* \(.*\)$/extern char \1;/p'"
 lt_cv_sys_global_symbol_to_import='`$ECHO "$lt_cv_sys_global_symbol_to_import" | $SED "$delay_single_quote_subst"`'
 lt_cv_sys_global_symbol_to_c_name_address='`$ECHO "$lt_cv_sys_global_symbol_to_c_name_address" | $SED "$delay_single_quote_subst"`'
 lt_cv_sys_global_symbol_to_c_name_address_lib_prefix='`$ECHO "$lt_cv_sys_global_symbol_to_c_name_address_lib_prefix" | $SED "$delay_single_quote_subst"`'
+ '[' 1 = 1 ']'
+++ dirname ./configure
++ find . -name config.guess -o -name config.sub
+ for i in $(find $(dirname ./configure) -name config.guess -o -name config.sub)
++ basename ./config.guess
+ '[' -f /usr/lib/rpm/redhat/config.guess ']'
+ /usr/bin/rm -f ./config.guess
++ basename ./config.guess
+ /usr/bin/cp -fv /usr/lib/rpm/redhat/config.guess ./config.guess
'/usr/lib/rpm/redhat/config.guess' -> './config.guess'
+ for i in $(find $(dirname ./configure) -name config.guess -o -name config.sub)
++ basename ./config.sub
+ '[' -f /usr/lib/rpm/redhat/config.sub ']'
+ /usr/bin/rm -f ./config.sub
++ basename ./config.sub
+ /usr/bin/cp -fv /usr/lib/rpm/redhat/config.sub ./config.sub
'/usr/lib/rpm/redhat/config.sub' -> './config.sub'
+ '[' 1 = 1 ']'
+ '[' x '!=' 'x-Wl,-z,now -specs=/usr/lib/rpm/redhat/redhat-hardened-ld' ']'
++ find . -name ltmain.sh
+ for i in $(find . -name ltmain.sh)
+ /usr/bin/sed -i.backup -e 's~compiler_flags=$~compiler_flags="-Wl,-z,now -specs=/usr/lib/rpm/redhat/redhat-hardened-ld"~' ./ltmain.sh
+ ./configure --build=x86_64-redhat-linux-gnu --host=x86_64-redhat-linux-gnu --program-prefix= --disable-dependency-tracking --prefix=/usr --exec-prefix=/usr --bindir=/usr/bin --sbindir=/usr/sbin --sysconfdir=/etc --datadir=/usr/share --includedir=/usr/include --libdir=/usr/lib64 --libexecdir=/usr/libexec --localstatedir=/var --sharedstatedir=/var/lib --mandir=/usr/share/man --infodir=/usr/share/info
checking for a BSD-compatible install... /usr/bin/install -c
checking whether build environment is sane... yes
checking for a thread-safe mkdir -p... /usr/bin/mkdir -p
checking for gawk... gawk
checking whether make sets $(MAKE)... yes
checking whether make supports nested variables... yes
checking for x86_64-redhat-linux-gnu-gcc... gcc
checking whether the C compiler works... yes
checking for C compiler default output file name... a.out
checking for suffix of executables... 
checking whether we are cross compiling... no
checking for suffix of object files... o
checking whether we are using the GNU C compiler... yes
checking whether gcc accepts -g... yes
checking for gcc option to accept ISO C89... none needed
checking whether gcc understands -c and -o together... yes
checking whether make supports the include directive... yes (GNU style)
checking dependency style of gcc... none
checking for gcc option to accept ISO C99... none needed
checking whether we are using the GNU C++ compiler... no
checking whether g++ accepts -g... no
checking dependency style of g++... none
checking for x86_64-redhat-linux-gnu-ar... no
checking for x86_64-redhat-linux-gnu-lib... no
checking for x86_64-redhat-linux-gnu-link... no
checking for ar... ar
checking the archiver (ar) interface... ar
checking for a sed that does not truncate output... /usr/bin/sed
checking whether g++ supports C++11 features with -std=gnu++11... no
checking whether g++ supports C++11 features with -std=gnu++0x... no
checking whether g++ supports C++11 features with -std=c++11... no
checking whether g++ supports C++11 features with +std=c++11... no
checking whether g++ supports C++11 features with -h std=c++11... no
checking whether g++ supports C++11 features with -std=c++0x... no
checking whether g++ supports C++11 features with +std=c++0x... no
checking whether g++ supports C++11 features with -h std=c++0x... no
configure: No compiler with C++11 support was found
checking build system type... x86_64-redhat-linux-gnu
checking host system type... x86_64-redhat-linux-gnu
checking how to print strings... printf
checking for a sed that does not truncate output... (cached) /usr/bin/sed
checking for grep that handles long lines and -e... /usr/bin/grep
checking for egrep... /usr/bin/grep -E
checking for fgrep... /usr/bin/grep -F
checking for ld used by gcc... /usr/bin/ld
checking if the linker (/usr/bin/ld) is GNU ld... yes
checking for BSD- or MS-compatible name lister (nm)... /usr/bin/nm -B
checking the name lister (/usr/bin/nm -B) interface... BSD nm
checking whether ln -s works... yes
checking the maximum length of command line arguments... 1572864
checking how to convert x86_64-redhat-linux-gnu file names to x86_64-redhat-linux-gnu format... func_convert_file_noop
checking how to convert x86_64-redhat-linux-gnu file names to toolchain format... func_convert_file_noop
checking for /usr/bin/ld option to reload object files... -r
checking for x86_64-redhat-linux-gnu-objdump... no
checking for objdump... objdump
checking how to recognize dependent libraries... pass_all
checking for x86_64-redhat-linux-gnu-dlltool... no
checking for dlltool... no
checking how to associate runtime and link libraries... printf %s\n
checking for x86_64-redhat-linux-gnu-ar... ar
checking for archiver @FILE support... @
checking for x86_64-redhat-linux-gnu-strip... no
checking for strip... strip
checking for x86_64-redhat-linux-gnu-ranlib... no
checking for ranlib... ranlib
checking command to parse /usr/bin/nm -B output from gcc object... ./configure: line 7874:  -e 's/^T .* \(.*\)$/extern int \1();/p' -e 's/^[ABCDGIRSTW][ABCDGIRSTW]* .* \(.*\)$/extern char \1;/p': No such file or directory
ok
checking for sysroot... no
checking for a working dd... /usr/bin/dd
checking how to truncate binary pipes... /usr/bin/dd bs=4096 count=1
checking for x86_64-redhat-linux-gnu-mt... no
checking for mt... no
checking if : is a manifest tool... no
checking how to run the C preprocessor... gcc -E
checking for ANSI C header files... yes
checking for sys/types.h... yes
checking for sys/stat.h... yes
checking for stdlib.h... yes
checking for string.h... yes
checking for memory.h... yes
checking for strings.h... yes
checking for inttypes.h... yes
checking for stdint.h... yes
checking for unistd.h... yes
checking for dlfcn.h... yes
checking for objdir... .libs
checking if gcc supports -fno-rtti -fno-exceptions... no
checking for gcc option to produce PIC... -fPIC -DPIC
checking if gcc PIC flag -fPIC -DPIC works... yes
checking if gcc static flag -static works... no
checking if gcc supports -c -o file.o... yes
checking if gcc supports -c -o file.o... (cached) yes
checking whether the gcc linker (/usr/bin/ld -m elf_x86_64) supports shared libraries... yes
checking whether -lc should be explicitly linked in... no
checking dynamic linker characteristics... GNU/Linux ld.so
checking how to hardcode library paths into programs... immediate
checking whether stripping libraries is possible... yes
checking if libtool supports shared libraries... yes
checking whether to build shared libraries... yes
checking whether to build static libraries... yes
checking whether the -Werror option is usable... yes
checking for simple visibility declarations... yes
checking whether C preprocessor accepts -Wall... yes
checking whether C preprocessor accepts -Wmissing-declarations... yes
checking whether C preprocessor accepts -Wpointer-arith... yes
checking whether C preprocessor accepts -Wcast-align... yes
checking whether C preprocessor accepts -Wcast-qual... yes
checking whether C preprocessor accepts -Wformat... yes
checking whether C preprocessor accepts -Wformat-nonliteral... yes
checking whether C preprocessor accepts -Wformat-security... yes
checking whether C preprocessor accepts -Wundef... yes
checking whether C preprocessor accepts -Wwrite-strings... yes
checking whether C preprocessor accepts -Wextra... yes
checking whether C preprocessor accepts -Wsign-compare... yes
checking whether C preprocessor accepts -Wno-unused-parameter... yes
checking whether C preprocessor accepts -fno-strict-aliasing... yes
checking whether C preprocessor accepts -fdiagnostics-show-option... yes
checking whether C preprocessor accepts -Wstrict-prototypes... yes
checking whether C preprocessor accepts -Wmissing-prototypes... yes
checking whether C preprocessor accepts -Wold-style-definition... yes
checking whether C preprocessor accepts -Wnested-externs... yes
checking whether to build with code coverage support... no
checking for x86_64-redhat-linux-gnu-pkg-config... /usr/bin/x86_64-redhat-linux-gnu-pkg-config
checking pkg-config is at least version 0.9.0... yes
configure: WARNING: No libcmocka-1.0.0 or newer library found, cmocka tests will not be built
checking pcap.h usability... yes
checking pcap.h presence... yes
checking for pcap.h... yes
checking for pcap_lib_version in -lpcap... yes
checking linux/if_ether.h usability... yes
checking linux/if_ether.h presence... yes
checking for linux/if_ether.h... yes
checking linux/if_packet.h usability... yes
checking linux/if_packet.h presence... yes
checking for linux/if_packet.h... yes
checking whether PACKET_FANOUT_QM is declared... yes
checking whether PACKET_QDISC_BYPASS is declared... yes
checking whether TP_STATUS_VLAN_TPID_VALID is declared... yes
checking whether IPPROTO_DIVERT is declared... no
configure: WARNING: A compiler with C++11 support is not available, disabling the FST DAQ module
checking for net/netmap.h... no
checking for net/netmap_user.h... no
checking whether NETMAP_API is declared... no
checking linux/netfilter.h usability... yes
checking linux/netfilter.h presence... yes
checking for linux/netfilter.h... yes
checking linux/netfilter/nfnetlink_queue.h usability... yes
checking linux/netfilter/nfnetlink_queue.h presence... yes
checking for linux/netfilter/nfnetlink_queue.h... yes
checking libmnl/libmnl.h usability... no
checking libmnl/libmnl.h presence... no
checking for libmnl/libmnl.h... no
checking for mnl_socket_open in -lmnl... no
checking for dlopen in -ldl... yes
checking for inttypes.h... (cached) yes
checking for memory.h... (cached) yes
checking netdb.h usability... yes
checking netdb.h presence... yes
checking for netdb.h... yes
checking netinet/in.h usability... yes
checking netinet/in.h presence... yes
checking for netinet/in.h... yes
checking for stdint.h... (cached) yes
checking for stdlib.h... (cached) yes
checking for string.h... (cached) yes
checking sys/ioctl.h usability... yes
checking sys/ioctl.h presence... yes
checking for sys/ioctl.h... yes
checking sys/param.h usability... yes
checking sys/param.h presence... yes
checking for sys/param.h... yes
checking sys/socket.h usability... yes
checking sys/socket.h presence... yes
checking for sys/socket.h... yes
checking sys/time.h usability... yes
checking sys/time.h presence... yes
checking for sys/time.h... yes
checking for unistd.h... (cached) yes
checking for inline... inline
checking for size_t... yes
checking for uint16_t... yes
checking for uint32_t... yes
checking for uint64_t... yes
checking for uint8_t... yes
checking for stdlib.h... (cached) yes
checking for GNU libc compatible malloc... yes
checking for stdlib.h... (cached) yes
checking for unistd.h... (cached) yes
checking for sys/param.h... (cached) yes
checking for getpagesize... yes
checking for working mmap... yes
checking for gethostbyname... yes
checking for getpagesize... (cached) yes
checking for memset... yes
checking for munmap... yes
checking for socket... yes
checking for strchr... yes
checking for strcspn... yes
checking for strdup... yes
checking for strerror... yes
checking for strrchr... yes
checking for strstr... yes
checking for strtoul... yes
checking that generated files are newer than configure... done
configure: creating ./config.status
config.status: creating modules/afpacket/libdaq_static_afpacket.pc
config.status: creating modules/bpf/libdaq_static_bpf.pc
config.status: creating modules/dump/libdaq_static_dump.pc
config.status: creating modules/pcap/libdaq_static_pcap.pc
config.status: creating modules/savefile/libdaq_static_savefile.pc
config.status: creating modules/trace/libdaq_static_trace.pc
config.status: creating modules/gwlb/libdaq_static_gwlb.pc
config.status: creating Makefile
config.status: creating api/daq_version.h
config.status: creating api/Makefile
config.status: creating example/Makefile
config.status: creating modules/Makefile
config.status: creating test/Makefile
config.status: creating libdaq.pc
config.status: creating config.h
config.status: executing depfiles commands
config.status: executing libtool commands
    libdaq 3.0.16
    prefix:         /usr
    sysconfdir:     /etc
    libdir:         /usr/lib64
    includedir:     /usr/include
    cc:             gcc
    cppflags:       
    am_cppflags:     -fvisibility=hidden -Wall -Wmissing-declarations -Wpointer-arith -Wcast-align -Wcast-qual -Wformat -Wformat-nonliteral -Wformat-security -Wundef -Wwrite-strings -Wextra -Wsign-compare -Wno-unused-parameter -fno-strict-aliasing -fdiagnostics-show-option
    cflags:         -O2 -flto=auto -ffat-lto-objects -fexceptions -g -grecord-gcc-switches -pipe -Wall -Werror=format-security -Wp,-D_FORTIFY_SOURCE=2 -Wp,-D_GLIBCXX_ASSERTIONS -specs=/usr/lib/rpm/redhat/redhat-hardened-cc1 -fstack-protector-strong -specs=/usr/lib/rpm/redhat/redhat-annobin-cc1  -m64 -march=x86-64-v2 -mtune=generic -fasynchronous-unwind-tables -fstack-clash-protection -fcf-protection
    am_cflags:       -Wstrict-prototypes -Wmissing-prototypes -Wold-style-definition -Wnested-externs
    ldflags:        -Wl,-z,relro -Wl,--as-needed  -Wl,-z,now -specs=/usr/lib/rpm/redhat/redhat-hardened-ld -specs=/usr/lib/rpm/redhat/redhat-annobin-cc1 
    am_ldflags:     
    libs:           
    code_coverage_enabled:  no
    code_coverage_cppflags: 
    code_coverage_cflags:   
    code_coverage_ldflags:  
    Build AFPacket DAQ module.. : yes
    Build BPF DAQ module....... : yes
    Build Divert DAQ module.... : no
    Build Dump DAQ module...... : yes
    Build FST DAQ module....... : no
    Build netmap DAQ module.... : no
    Build NFQ DAQ module....... : no
    Build PCAP DAQ module...... : yes
    Build Savefile DAQ module.. : yes
    Build Trace DAQ module..... : yes
    Build GWLB DAQ module...... : yes
+ /usr/bin/sed -i 's|^hardcode_libdir_flag_spec=.*|hardcode_libdir_flag_spec=""|g' libtool
+ /usr/bin/sed -i 's|^runpath_var=LD_RUN_PATH|runpath_var=DIE_RPATH_DIE|g' libtool
+ VERSION=2.0.7
+ /usr/bin/make
/usr/bin/make  all-recursive
make[1]: Entering directory '/builddir/build/BUILD/libdaq-4580f3'
Making all in api
make[2]: Entering directory '/builddir/build/BUILD/libdaq-4580f3/api'
/bin/sh ../libtool  --tag=CC   --mode=compile gcc -DHAVE_CONFIG_H -I. -I..  -fvisibility=hidden -Wall -Wmissing-declarations -Wpointer-arith -Wcast-align -Wcast-qual -Wformat -Wformat-nonliteral -Wformat-security -Wundef -Wwrite-strings -Wextra -Wsign-compare -Wno-unused-parameter -fno-strict-aliasing -fdiagnostics-show-option   -Wstrict-prototypes -Wmissing-prototypes -Wold-style-definition -Wnested-externs  -O2 -flto=auto -ffat-lto-objects -fexceptions -g -grecord-gcc-switches -pipe -Wall -Werror=format-security -Wp,-D_FORTIFY_SOURCE=2 -Wp,-D_GLIBCXX_ASSERTIONS -specs=/usr/lib/rpm/redhat/redhat-hardened-cc1 -fstack-protector-strong -specs=/usr/lib/rpm/redhat/redhat-annobin-cc1  -m64 -march=x86-64-v2 -mtune=generic -fasynchronous-unwind-tables -fstack-clash-protection -fcf-protection -c -o libdaq_la-daq_base.lo `test -f 'daq_base.c' || echo './'`daq_base.c
libtool: compile:  gcc -DHAVE_CONFIG_H -I. -I.. -fvisibility=hidden -Wall -Wmissing-declarations -Wpointer-arith -Wcast-align -Wcast-qual -Wformat -Wformat-nonliteral -Wformat-security -Wundef -Wwrite-strings -Wextra -Wsign-compare -Wno-unused-parameter -fno-strict-aliasing -fdiagnostics-show-option -Wstrict-prototypes -Wmissing-prototypes -Wold-style-definition -Wnested-externs -O2 -flto=auto -ffat-lto-objects -fexceptions -g -grecord-gcc-switches -pipe -Wall -Werror=format-security -Wp,-D_FORTIFY_SOURCE=2 -Wp,-D_GLIBCXX_ASSERTIONS -specs=/usr/lib/rpm/redhat/redhat-hardened-cc1 -fstack-protector-strong -specs=/usr/lib/rpm/redhat/redhat-annobin-cc1 -m64 -march=x86-64-v2 -mtune=generic -fasynchronous-unwind-tables -fstack-clash-protection -fcf-protection -c daq_base.c  -fPIC -DPIC -o .libs/libdaq_la-daq_base.o
libtool: compile:  gcc -DHAVE_CONFIG_H -I. -I.. -fvisibility=hidden -Wall -Wmissing-declarations -Wpointer-arith -Wcast-align -Wcast-qual -Wformat -Wformat-nonliteral -Wformat-security -Wundef -Wwrite-strings -Wextra -Wsign-compare -Wno-unused-parameter -fno-strict-aliasing -fdiagnostics-show-option -Wstrict-prototypes -Wmissing-prototypes -Wold-style-definition -Wnested-externs -O2 -flto=auto -ffat-lto-objects -fexceptions -g -grecord-gcc-switches -pipe -Wall -Werror=format-security -Wp,-D_FORTIFY_SOURCE=2 -Wp,-D_GLIBCXX_ASSERTIONS -specs=/usr/lib/rpm/redhat/redhat-hardened-cc1 -fstack-protector-strong -specs=/usr/lib/rpm/redhat/redhat-annobin-cc1 -m64 -march=x86-64-v2 -mtune=generic -fasynchronous-unwind-tables -fstack-clash-protection -fcf-protection -c daq_base.c -o libdaq_la-daq_base.o >/dev/null 2>&1
/bin/sh ../libtool  --tag=CC   --mode=compile gcc -DHAVE_CONFIG_H -I. -I..  -fvisibility=hidden -Wall -Wmissing-declarations -Wpointer-arith -Wcast-align -Wcast-qual -Wformat -Wformat-nonliteral -Wformat-security -Wundef -Wwrite-strings -Wextra -Wsign-compare -Wno-unused-parameter -fno-strict-aliasing -fdiagnostics-show-option   -Wstrict-prototypes -Wmissing-prototypes -Wold-style-definition -Wnested-externs  -O2 -flto=auto -ffat-lto-objects -fexceptions -g -grecord-gcc-switches -pipe -Wall -Werror=format-security -Wp,-D_FORTIFY_SOURCE=2 -Wp,-D_GLIBCXX_ASSERTIONS -specs=/usr/lib/rpm/redhat/redhat-hardened-cc1 -fstack-protector-strong -specs=/usr/lib/rpm/redhat/redhat-annobin-cc1  -m64 -march=x86-64-v2 -mtune=generic -fasynchronous-unwind-tables -fstack-clash-protection -fcf-protection -c -o libdaq_la-daq_base_api.lo `test -f 'daq_base_api.c' || echo './'`daq_base_api.c
libtool: compile:  gcc -DHAVE_CONFIG_H -I. -I.. -fvisibility=hidden -Wall -Wmissing-declarations -Wpointer-arith -Wcast-align -Wcast-qual -Wformat -Wformat-nonliteral -Wformat-security -Wundef -Wwrite-strings -Wextra -Wsign-compare -Wno-unused-parameter -fno-strict-aliasing -fdiagnostics-show-option -Wstrict-prototypes -Wmissing-prototypes -Wold-style-definition -Wnested-externs -O2 -flto=auto -ffat-lto-objects -fexceptions -g -grecord-gcc-switches -pipe -Wall -Werror=format-security -Wp,-D_FORTIFY_SOURCE=2 -Wp,-D_GLIBCXX_ASSERTIONS -specs=/usr/lib/rpm/redhat/redhat-hardened-cc1 -fstack-protector-strong -specs=/usr/lib/rpm/redhat/redhat-annobin-cc1 -m64 -march=x86-64-v2 -mtune=generic -fasynchronous-unwind-tables -fstack-clash-protection -fcf-protection -c daq_base_api.c  -fPIC -DPIC -o .libs/libdaq_la-daq_base_api.o
libtool: compile:  gcc -DHAVE_CONFIG_H -I. -I.. -fvisibility=hidden -Wall -Wmissing-declarations -Wpointer-arith -Wcast-align -Wcast-qual -Wformat -Wformat-nonliteral -Wformat-security -Wundef -Wwrite-strings -Wextra -Wsign-compare -Wno-unused-parameter -fno-strict-aliasing -fdiagnostics-show-option -Wstrict-prototypes -Wmissing-prototypes -Wold-style-definition -Wnested-externs -O2 -flto=auto -ffat-lto-objects -fexceptions -g -grecord-gcc-switches -pipe -Wall -Werror=format-security -Wp,-D_FORTIFY_SOURCE=2 -Wp,-D_GLIBCXX_ASSERTIONS -specs=/usr/lib/rpm/redhat/redhat-hardened-cc1 -fstack-protector-strong -specs=/usr/lib/rpm/redhat/redhat-annobin-cc1 -m64 -march=x86-64-v2 -mtune=generic -fasynchronous-unwind-tables -fstack-clash-protection -fcf-protection -c daq_base_api.c -o libdaq_la-daq_base_api.o >/dev/null 2>&1
/bin/sh ../libtool  --tag=CC   --mode=compile gcc -DHAVE_CONFIG_H -I. -I..  -fvisibility=hidden -Wall -Wmissing-declarations -Wpointer-arith -Wcast-align -Wcast-qual -Wformat -Wformat-nonliteral -Wformat-security -Wundef -Wwrite-strings -Wextra -Wsign-compare -Wno-unused-parameter -fno-strict-aliasing -fdiagnostics-show-option   -Wstrict-prototypes -Wmissing-prototypes -Wold-style-definition -Wnested-externs  -O2 -flto=auto -ffat-lto-objects -fexceptions -g -grecord-gcc-switches -pipe -Wall -Werror=format-security -Wp,-D_FORTIFY_SOURCE=2 -Wp,-D_GLIBCXX_ASSERTIONS -specs=/usr/lib/rpm/redhat/redhat-hardened-cc1 -fstack-protector-strong -specs=/usr/lib/rpm/redhat/redhat-annobin-cc1  -m64 -march=x86-64-v2 -mtune=generic -fasynchronous-unwind-tables -fstack-clash-protection -fcf-protection -c -o libdaq_la-daq_config.lo `test -f 'daq_config.c' || echo './'`daq_config.c
libtool: compile:  gcc -DHAVE_CONFIG_H -I. -I.. -fvisibility=hidden -Wall -Wmissing-declarations -Wpointer-arith -Wcast-align -Wcast-qual -Wformat -Wformat-nonliteral -Wformat-security -Wundef -Wwrite-strings -Wextra -Wsign-compare -Wno-unused-parameter -fno-strict-aliasing -fdiagnostics-show-option -Wstrict-prototypes -Wmissing-prototypes -Wold-style-definition -Wnested-externs -O2 -flto=auto -ffat-lto-objects -fexceptions -g -grecord-gcc-switches -pipe -Wall -Werror=format-security -Wp,-D_FORTIFY_SOURCE=2 -Wp,-D_GLIBCXX_ASSERTIONS -specs=/usr/lib/rpm/redhat/redhat-hardened-cc1 -fstack-protector-strong -specs=/usr/lib/rpm/redhat/redhat-annobin-cc1 -m64 -march=x86-64-v2 -mtune=generic -fasynchronous-unwind-tables -fstack-clash-protection -fcf-protection -c daq_config.c  -fPIC -DPIC -o .libs/libdaq_la-daq_config.o
libtool: compile:  gcc -DHAVE_CONFIG_H -I. -I.. -fvisibility=hidden -Wall -Wmissing-declarations -Wpointer-arith -Wcast-align -Wcast-qual -Wformat -Wformat-nonliteral -Wformat-security -Wundef -Wwrite-strings -Wextra -Wsign-compare -Wno-unused-parameter -fno-strict-aliasing -fdiagnostics-show-option -Wstrict-prototypes -Wmissing-prototypes -Wold-style-definition -Wnested-externs -O2 -flto=auto -ffat-lto-objects -fexceptions -g -grecord-gcc-switches -pipe -Wall -Werror=format-security -Wp,-D_FORTIFY_SOURCE=2 -Wp,-D_GLIBCXX_ASSERTIONS -specs=/usr/lib/rpm/redhat/redhat-hardened-cc1 -fstack-protector-strong -specs=/usr/lib/rpm/redhat/redhat-annobin-cc1 -m64 -march=x86-64-v2 -mtune=generic -fasynchronous-unwind-tables -fstack-clash-protection -fcf-protection -c daq_config.c -o libdaq_la-daq_config.o >/dev/null 2>&1
/bin/sh ../libtool  --tag=CC   --mode=compile gcc -DHAVE_CONFIG_H -I. -I..  -fvisibility=hidden -Wall -Wmissing-declarations -Wpointer-arith -Wcast-align -Wcast-qual -Wformat -Wformat-nonliteral -Wformat-security -Wundef -Wwrite-strings -Wextra -Wsign-compare -Wno-unused-parameter -fno-strict-aliasing -fdiagnostics-show-option   -Wstrict-prototypes -Wmissing-prototypes -Wold-style-definition -Wnested-externs  -O2 -flto=auto -ffat-lto-objects -fexceptions -g -grecord-gcc-switches -pipe -Wall -Werror=format-security -Wp,-D_FORTIFY_SOURCE=2 -Wp,-D_GLIBCXX_ASSERTIONS -specs=/usr/lib/rpm/redhat/redhat-hardened-cc1 -fstack-protector-strong -specs=/usr/lib/rpm/redhat/redhat-annobin-cc1  -m64 -march=x86-64-v2 -mtune=generic -fasynchronous-unwind-tables -fstack-clash-protection -fcf-protection -c -o libdaq_la-daq_instance_api_defaults.lo `test -f 'daq_instance_api_defaults.c' || echo './'`daq_instance_api_defaults.c
libtool: compile:  gcc -DHAVE_CONFIG_H -I. -I.. -fvisibility=hidden -Wall -Wmissing-declarations -Wpointer-arith -Wcast-align -Wcast-qual -Wformat -Wformat-nonliteral -Wformat-security -Wundef -Wwrite-strings -Wextra -Wsign-compare -Wno-unused-parameter -fno-strict-aliasing -fdiagnostics-show-option -Wstrict-prototypes -Wmissing-prototypes -Wold-style-definition -Wnested-externs -O2 -flto=auto -ffat-lto-objects -fexceptions -g -grecord-gcc-switches -pipe -Wall -Werror=format-security -Wp,-D_FORTIFY_SOURCE=2 -Wp,-D_GLIBCXX_ASSERTIONS -specs=/usr/lib/rpm/redhat/redhat-hardened-cc1 -fstack-protector-strong -specs=/usr/lib/rpm/redhat/redhat-annobin-cc1 -m64 -march=x86-64-v2 -mtune=generic -fasynchronous-unwind-tables -fstack-clash-protection -fcf-protection -c daq_instance_api_defaults.c  -fPIC -DPIC -o .libs/libdaq_la-daq_instance_api_defaults.o
libtool: compile:  gcc -DHAVE_CONFIG_H -I. -I.. -fvisibility=hidden -Wall -Wmissing-declarations -Wpointer-arith -Wcast-align -Wcast-qual -Wformat -Wformat-nonliteral -Wformat-security -Wundef -Wwrite-strings -Wextra -Wsign-compare -Wno-unused-parameter -fno-strict-aliasing -fdiagnostics-show-option -Wstrict-prototypes -Wmissing-prototypes -Wold-style-definition -Wnested-externs -O2 -flto=auto -ffat-lto-objects -fexceptions -g -grecord-gcc-switches -pipe -Wall -Werror=format-security -Wp,-D_FORTIFY_SOURCE=2 -Wp,-D_GLIBCXX_ASSERTIONS -specs=/usr/lib/rpm/redhat/redhat-hardened-cc1 -fstack-protector-strong -specs=/usr/lib/rpm/redhat/redhat-annobin-cc1 -m64 -march=x86-64-v2 -mtune=generic -fasynchronous-unwind-tables -fstack-clash-protection -fcf-protection -c daq_instance_api_defaults.c -o libdaq_la-daq_instance_api_defaults.o >/dev/null 2>&1
/bin/sh ../libtool  --tag=CC   --mode=compile gcc -DHAVE_CONFIG_H -I. -I..  -fvisibility=hidden -Wall -Wmissing-declarations -Wpointer-arith -Wcast-align -Wcast-qual -Wformat -Wformat-nonliteral -Wformat-security -Wundef -Wwrite-strings -Wextra -Wsign-compare -Wno-unused-parameter -fno-strict-aliasing -fdiagnostics-show-option   -Wstrict-prototypes -Wmissing-prototypes -Wold-style-definition -Wnested-externs  -O2 -flto=auto -ffat-lto-objects -fexceptions -g -grecord-gcc-switches -pipe -Wall -Werror=format-security -Wp,-D_FORTIFY_SOURCE=2 -Wp,-D_GLIBCXX_ASSERTIONS -specs=/usr/lib/rpm/redhat/redhat-hardened-cc1 -fstack-protector-strong -specs=/usr/lib/rpm/redhat/redhat-annobin-cc1  -m64 -march=x86-64-v2 -mtune=generic -fasynchronous-unwind-tables -fstack-clash-protection -fcf-protection -c -o libdaq_la-daq_mod_ops.lo `test -f 'daq_mod_ops.c' || echo './'`daq_mod_ops.c
libtool: compile:  gcc -DHAVE_CONFIG_H -I. -I.. -fvisibility=hidden -Wall -Wmissing-declarations -Wpointer-arith -Wcast-align -Wcast-qual -Wformat -Wformat-nonliteral -Wformat-security -Wundef -Wwrite-strings -Wextra -Wsign-compare -Wno-unused-parameter -fno-strict-aliasing -fdiagnostics-show-option -Wstrict-prototypes -Wmissing-prototypes -Wold-style-definition -Wnested-externs -O2 -flto=auto -ffat-lto-objects -fexceptions -g -grecord-gcc-switches -pipe -Wall -Werror=format-security -Wp,-D_FORTIFY_SOURCE=2 -Wp,-D_GLIBCXX_ASSERTIONS -specs=/usr/lib/rpm/redhat/redhat-hardened-cc1 -fstack-protector-strong -specs=/usr/lib/rpm/redhat/redhat-annobin-cc1 -m64 -march=x86-64-v2 -mtune=generic -fasynchronous-unwind-tables -fstack-clash-protection -fcf-protection -c daq_mod_ops.c  -fPIC -DPIC -o .libs/libdaq_la-daq_mod_ops.o
libtool: compile:  gcc -DHAVE_CONFIG_H -I. -I.. -fvisibility=hidden -Wall -Wmissing-declarations -Wpointer-arith -Wcast-align -Wcast-qual -Wformat -Wformat-nonliteral -Wformat-security -Wundef -Wwrite-strings -Wextra -Wsign-compare -Wno-unused-parameter -fno-strict-aliasing -fdiagnostics-show-option -Wstrict-prototypes -Wmissing-prototypes -Wold-style-definition -Wnested-externs -O2 -flto=auto -ffat-lto-objects -fexceptions -g -grecord-gcc-switches -pipe -Wall -Werror=format-security -Wp,-D_FORTIFY_SOURCE=2 -Wp,-D_GLIBCXX_ASSERTIONS -specs=/usr/lib/rpm/redhat/redhat-hardened-cc1 -fstack-protector-strong -specs=/usr/lib/rpm/redhat/redhat-annobin-cc1 -m64 -march=x86-64-v2 -mtune=generic -fasynchronous-unwind-tables -fstack-clash-protection -fcf-protection -c daq_mod_ops.c -o libdaq_la-daq_mod_ops.o >/dev/null 2>&1
/bin/sh ../libtool  --tag=CC   --mode=link gcc -Wstrict-prototypes -Wmissing-prototypes -Wold-style-definition -Wnested-externs  -O2 -flto=auto -ffat-lto-objects -fexceptions -g -grecord-gcc-switches -pipe -Wall -Werror=format-security -Wp,-D_FORTIFY_SOURCE=2 -Wp,-D_GLIBCXX_ASSERTIONS -specs=/usr/lib/rpm/redhat/redhat-hardened-cc1 -fstack-protector-strong -specs=/usr/lib/rpm/redhat/redhat-annobin-cc1  -m64 -march=x86-64-v2 -mtune=generic -fasynchronous-unwind-tables -fstack-clash-protection -fcf-protection  -version-info 3:0:0 -Wl,-z,relro -Wl,--as-needed  -Wl,-z,now -specs=/usr/lib/rpm/redhat/redhat-hardened-ld -specs=/usr/lib/rpm/redhat/redhat-annobin-cc1  -o libdaq.la -rpath /usr/lib64 libdaq_la-daq_base.lo libdaq_la-daq_base_api.lo libdaq_la-daq_config.lo libdaq_la-daq_instance_api_defaults.lo libdaq_la-daq_mod_ops.lo -ldl 
libtool: link: gcc -shared  -fPIC -DPIC  .libs/libdaq_la-daq_base.o .libs/libdaq_la-daq_base_api.o .libs/libdaq_la-daq_config.o .libs/libdaq_la-daq_instance_api_defaults.o .libs/libdaq_la-daq_mod_ops.o   -ldl -Wl,-z,now -specs=/usr/lib/rpm/redhat/redhat-hardened-ld -O2 -flto=auto -g -grecord-gcc-switches -specs=/usr/lib/rpm/redhat/redhat-hardened-cc1 -fstack-protector-strong -specs=/usr/lib/rpm/redhat/redhat-annobin-cc1 -m64 -march=x86-64-v2 -mtune=generic -Wl,-z -Wl,relro -Wl,--as-needed -Wl,-z -Wl,now -specs=/usr/lib/rpm/redhat/redhat-hardened-ld -specs=/usr/lib/rpm/redhat/redhat-annobin-cc1   -Wl,-soname -Wl,libdaq.so.3 -o .libs/libdaq.so.3.0.0
libtool: link: (cd ".libs" && rm -f "libdaq.so.3" && ln -s "libdaq.so.3.0.0" "libdaq.so.3")
libtool: link: (cd ".libs" && rm -f "libdaq.so" && ln -s "libdaq.so.3.0.0" "libdaq.so")
libtool: link: ar cru .libs/libdaq.a  libdaq_la-daq_base.o libdaq_la-daq_base_api.o libdaq_la-daq_config.o libdaq_la-daq_instance_api_defaults.o libdaq_la-daq_mod_ops.o
libtool: link: ranlib .libs/libdaq.a
libtool: link: ( cd ".libs" && rm -f "libdaq.la" && ln -s "../libdaq.la" "libdaq.la" )
make[2]: Leaving directory '/builddir/build/BUILD/libdaq-4580f3/api'
Making all in modules
make[2]: Entering directory '/builddir/build/BUILD/libdaq-4580f3/modules'
/bin/sh ../libtool  --tag=CC   --mode=compile gcc -DHAVE_CONFIG_H -I. -I..  -fvisibility=hidden -Wall -Wmissing-declarations -Wpointer-arith -Wcast-align -Wcast-qual -Wformat -Wformat-nonliteral -Wformat-security -Wundef -Wwrite-strings -Wextra -Wsign-compare -Wno-unused-parameter -fno-strict-aliasing -fdiagnostics-show-option -I../api   -Wstrict-prototypes -Wmissing-prototypes -Wold-style-definition -Wnested-externs -O2 -flto=auto -ffat-lto-objects -fexceptions -g -grecord-gcc-switches -pipe -Wall -Werror=format-security -Wp,-D_FORTIFY_SOURCE=2 -Wp,-D_GLIBCXX_ASSERTIONS -specs=/usr/lib/rpm/redhat/redhat-hardened-cc1 -fstack-protector-strong -specs=/usr/lib/rpm/redhat/redhat-annobin-cc1  -m64 -march=x86-64-v2 -mtune=generic -fasynchronous-unwind-tables -fstack-clash-protection -fcf-protection -c -o afpacket/libdaq_static_afpacket_la-daq_afpacket.lo `test -f 'afpacket/daq_afpacket.c' || echo './'`afpacket/daq_afpacket.c
libtool: compile:  gcc -DHAVE_CONFIG_H -I. -I.. -fvisibility=hidden -Wall -Wmissing-declarations -Wpointer-arith -Wcast-align -Wcast-qual -Wformat -Wformat-nonliteral -Wformat-security -Wundef -Wwrite-strings -Wextra -Wsign-compare -Wno-unused-parameter -fno-strict-aliasing -fdiagnostics-show-option -I../api -Wstrict-prototypes -Wmissing-prototypes -Wold-style-definition -Wnested-externs -O2 -flto=auto -ffat-lto-objects -fexceptions -g -grecord-gcc-switches -pipe -Wall -Werror=format-security -Wp,-D_FORTIFY_SOURCE=2 -Wp,-D_GLIBCXX_ASSERTIONS -specs=/usr/lib/rpm/redhat/redhat-hardened-cc1 -fstack-protector-strong -specs=/usr/lib/rpm/redhat/redhat-annobin-cc1 -m64 -march=x86-64-v2 -mtune=generic -fasynchronous-unwind-tables -fstack-clash-protection -fcf-protection -c afpacket/daq_afpacket.c  -fPIC -DPIC -o afpacket/.libs/libdaq_static_afpacket_la-daq_afpacket.o
libtool: compile:  gcc -DHAVE_CONFIG_H -I. -I.. -fvisibility=hidden -Wall -Wmissing-declarations -Wpointer-arith -Wcast-align -Wcast-qual -Wformat -Wformat-nonliteral -Wformat-security -Wundef -Wwrite-strings -Wextra -Wsign-compare -Wno-unused-parameter -fno-strict-aliasing -fdiagnostics-show-option -I../api -Wstrict-prototypes -Wmissing-prototypes -Wold-style-definition -Wnested-externs -O2 -flto=auto -ffat-lto-objects -fexceptions -g -grecord-gcc-switches -pipe -Wall -Werror=format-security -Wp,-D_FORTIFY_SOURCE=2 -Wp,-D_GLIBCXX_ASSERTIONS -specs=/usr/lib/rpm/redhat/redhat-hardened-cc1 -fstack-protector-strong -specs=/usr/lib/rpm/redhat/redhat-annobin-cc1 -m64 -march=x86-64-v2 -mtune=generic -fasynchronous-unwind-tables -fstack-clash-protection -fcf-protection -c afpacket/daq_afpacket.c -o afpacket/libdaq_static_afpacket_la-daq_afpacket.o >/dev/null 2>&1
/bin/sh ../libtool  --tag=CC   --mode=link gcc -Wstrict-prototypes -Wmissing-prototypes -Wold-style-definition -Wnested-externs -O2 -flto=auto -ffat-lto-objects -fexceptions -g -grecord-gcc-switches -pipe -Wall -Werror=format-security -Wp,-D_FORTIFY_SOURCE=2 -Wp,-D_GLIBCXX_ASSERTIONS -specs=/usr/lib/rpm/redhat/redhat-hardened-cc1 -fstack-protector-strong -specs=/usr/lib/rpm/redhat/redhat-annobin-cc1  -m64 -march=x86-64-v2 -mtune=generic -fasynchronous-unwind-tables -fstack-clash-protection -fcf-protection -static -avoid-version -Wl,-z,relro -Wl,--as-needed  -Wl,-z,now -specs=/usr/lib/rpm/redhat/redhat-hardened-ld -specs=/usr/lib/rpm/redhat/redhat-annobin-cc1  -o afpacket/libdaq_static_afpacket.la -rpath /usr/lib64 afpacket/libdaq_static_afpacket_la-daq_afpacket.lo  
libtool: link: ar cru afpacket/.libs/libdaq_static_afpacket.a  afpacket/libdaq_static_afpacket_la-daq_afpacket.o
libtool: link: ranlib afpacket/.libs/libdaq_static_afpacket.a
libtool: link: ( cd "afpacket/.libs" && rm -f "libdaq_static_afpacket.la" && ln -s "../libdaq_static_afpacket.la" "libdaq_static_afpacket.la" )
/bin/sh ../libtool  --tag=CC   --mode=compile gcc -DHAVE_CONFIG_H -I. -I..  -fvisibility=hidden -Wall -Wmissing-declarations -Wpointer-arith -Wcast-align -Wcast-qual -Wformat -Wformat-nonliteral -Wformat-security -Wundef -Wwrite-strings -Wextra -Wsign-compare -Wno-unused-parameter -fno-strict-aliasing -fdiagnostics-show-option -I../api   -Wstrict-prototypes -Wmissing-prototypes -Wold-style-definition -Wnested-externs -O2 -flto=auto -ffat-lto-objects -fexceptions -g -grecord-gcc-switches -pipe -Wall -Werror=format-security -Wp,-D_FORTIFY_SOURCE=2 -Wp,-D_GLIBCXX_ASSERTIONS -specs=/usr/lib/rpm/redhat/redhat-hardened-cc1 -fstack-protector-strong -specs=/usr/lib/rpm/redhat/redhat-annobin-cc1  -m64 -march=x86-64-v2 -mtune=generic -fasynchronous-unwind-tables -fstack-clash-protection -fcf-protection -c -o bpf/libdaq_static_bpf_la-daq_bpf.lo `test -f 'bpf/daq_bpf.c' || echo './'`bpf/daq_bpf.c
libtool: compile:  gcc -DHAVE_CONFIG_H -I. -I.. -fvisibility=hidden -Wall -Wmissing-declarations -Wpointer-arith -Wcast-align -Wcast-qual -Wformat -Wformat-nonliteral -Wformat-security -Wundef -Wwrite-strings -Wextra -Wsign-compare -Wno-unused-parameter -fno-strict-aliasing -fdiagnostics-show-option -I../api -Wstrict-prototypes -Wmissing-prototypes -Wold-style-definition -Wnested-externs -O2 -flto=auto -ffat-lto-objects -fexceptions -g -grecord-gcc-switches -pipe -Wall -Werror=format-security -Wp,-D_FORTIFY_SOURCE=2 -Wp,-D_GLIBCXX_ASSERTIONS -specs=/usr/lib/rpm/redhat/redhat-hardened-cc1 -fstack-protector-strong -specs=/usr/lib/rpm/redhat/redhat-annobin-cc1 -m64 -march=x86-64-v2 -mtune=generic -fasynchronous-unwind-tables -fstack-clash-protection -fcf-protection -c bpf/daq_bpf.c  -fPIC -DPIC -o bpf/.libs/libdaq_static_bpf_la-daq_bpf.o
libtool: compile:  gcc -DHAVE_CONFIG_H -I. -I.. -fvisibility=hidden -Wall -Wmissing-declarations -Wpointer-arith -Wcast-align -Wcast-qual -Wformat -Wformat-nonliteral -Wformat-security -Wundef -Wwrite-strings -Wextra -Wsign-compare -Wno-unused-parameter -fno-strict-aliasing -fdiagnostics-show-option -I../api -Wstrict-prototypes -Wmissing-prototypes -Wold-style-definition -Wnested-externs -O2 -flto=auto -ffat-lto-objects -fexceptions -g -grecord-gcc-switches -pipe -Wall -Werror=format-security -Wp,-D_FORTIFY_SOURCE=2 -Wp,-D_GLIBCXX_ASSERTIONS -specs=/usr/lib/rpm/redhat/redhat-hardened-cc1 -fstack-protector-strong -specs=/usr/lib/rpm/redhat/redhat-annobin-cc1 -m64 -march=x86-64-v2 -mtune=generic -fasynchronous-unwind-tables -fstack-clash-protection -fcf-protection -c bpf/daq_bpf.c -o bpf/libdaq_static_bpf_la-daq_bpf.o >/dev/null 2>&1
/bin/sh ../libtool  --tag=CC   --mode=link gcc -Wstrict-prototypes -Wmissing-prototypes -Wold-style-definition -Wnested-externs -O2 -flto=auto -ffat-lto-objects -fexceptions -g -grecord-gcc-switches -pipe -Wall -Werror=format-security -Wp,-D_FORTIFY_SOURCE=2 -Wp,-D_GLIBCXX_ASSERTIONS -specs=/usr/lib/rpm/redhat/redhat-hardened-cc1 -fstack-protector-strong -specs=/usr/lib/rpm/redhat/redhat-annobin-cc1  -m64 -march=x86-64-v2 -mtune=generic -fasynchronous-unwind-tables -fstack-clash-protection -fcf-protection -static -avoid-version -Wl,-z,relro -Wl,--as-needed  -Wl,-z,now -specs=/usr/lib/rpm/redhat/redhat-hardened-ld -specs=/usr/lib/rpm/redhat/redhat-annobin-cc1  -o bpf/libdaq_static_bpf.la -rpath /usr/lib64 bpf/libdaq_static_bpf_la-daq_bpf.lo  
libtool: link: ar cru bpf/.libs/libdaq_static_bpf.a  bpf/libdaq_static_bpf_la-daq_bpf.o
libtool: link: ranlib bpf/.libs/libdaq_static_bpf.a
libtool: link: ( cd "bpf/.libs" && rm -f "libdaq_static_bpf.la" && ln -s "../libdaq_static_bpf.la" "libdaq_static_bpf.la" )
/bin/sh ../libtool  --tag=CC   --mode=compile gcc -DHAVE_CONFIG_H -I. -I..  -fvisibility=hidden -Wall -Wmissing-declarations -Wpointer-arith -Wcast-align -Wcast-qual -Wformat -Wformat-nonliteral -Wformat-security -Wundef -Wwrite-strings -Wextra -Wsign-compare -Wno-unused-parameter -fno-strict-aliasing -fdiagnostics-show-option -I../api   -Wstrict-prototypes -Wmissing-prototypes -Wold-style-definition -Wnested-externs -O2 -flto=auto -ffat-lto-objects -fexceptions -g -grecord-gcc-switches -pipe -Wall -Werror=format-security -Wp,-D_FORTIFY_SOURCE=2 -Wp,-D_GLIBCXX_ASSERTIONS -specs=/usr/lib/rpm/redhat/redhat-hardened-cc1 -fstack-protector-strong -specs=/usr/lib/rpm/redhat/redhat-annobin-cc1  -m64 -march=x86-64-v2 -mtune=generic -fasynchronous-unwind-tables -fstack-clash-protection -fcf-protection -c -o dump/libdaq_static_dump_la-daq_dump.lo `test -f 'dump/daq_dump.c' || echo './'`dump/daq_dump.c
libtool: compile:  gcc -DHAVE_CONFIG_H -I. -I.. -fvisibility=hidden -Wall -Wmissing-declarations -Wpointer-arith -Wcast-align -Wcast-qual -Wformat -Wformat-nonliteral -Wformat-security -Wundef -Wwrite-strings -Wextra -Wsign-compare -Wno-unused-parameter -fno-strict-aliasing -fdiagnostics-show-option -I../api -Wstrict-prototypes -Wmissing-prototypes -Wold-style-definition -Wnested-externs -O2 -flto=auto -ffat-lto-objects -fexceptions -g -grecord-gcc-switches -pipe -Wall -Werror=format-security -Wp,-D_FORTIFY_SOURCE=2 -Wp,-D_GLIBCXX_ASSERTIONS -specs=/usr/lib/rpm/redhat/redhat-hardened-cc1 -fstack-protector-strong -specs=/usr/lib/rpm/redhat/redhat-annobin-cc1 -m64 -march=x86-64-v2 -mtune=generic -fasynchronous-unwind-tables -fstack-clash-protection -fcf-protection -c dump/daq_dump.c  -fPIC -DPIC -o dump/.libs/libdaq_static_dump_la-daq_dump.o
libtool: compile:  gcc -DHAVE_CONFIG_H -I. -I.. -fvisibility=hidden -Wall -Wmissing-declarations -Wpointer-arith -Wcast-align -Wcast-qual -Wformat -Wformat-nonliteral -Wformat-security -Wundef -Wwrite-strings -Wextra -Wsign-compare -Wno-unused-parameter -fno-strict-aliasing -fdiagnostics-show-option -I../api -Wstrict-prototypes -Wmissing-prototypes -Wold-style-definition -Wnested-externs -O2 -flto=auto -ffat-lto-objects -fexceptions -g -grecord-gcc-switches -pipe -Wall -Werror=format-security -Wp,-D_FORTIFY_SOURCE=2 -Wp,-D_GLIBCXX_ASSERTIONS -specs=/usr/lib/rpm/redhat/redhat-hardened-cc1 -fstack-protector-strong -specs=/usr/lib/rpm/redhat/redhat-annobin-cc1 -m64 -march=x86-64-v2 -mtune=generic -fasynchronous-unwind-tables -fstack-clash-protection -fcf-protection -c dump/daq_dump.c -o dump/libdaq_static_dump_la-daq_dump.o >/dev/null 2>&1
/bin/sh ../libtool  --tag=CC   --mode=link gcc -Wstrict-prototypes -Wmissing-prototypes -Wold-style-definition -Wnested-externs -O2 -flto=auto -ffat-lto-objects -fexceptions -g -grecord-gcc-switches -pipe -Wall -Werror=format-security -Wp,-D_FORTIFY_SOURCE=2 -Wp,-D_GLIBCXX_ASSERTIONS -specs=/usr/lib/rpm/redhat/redhat-hardened-cc1 -fstack-protector-strong -specs=/usr/lib/rpm/redhat/redhat-annobin-cc1  -m64 -march=x86-64-v2 -mtune=generic -fasynchronous-unwind-tables -fstack-clash-protection -fcf-protection -static -avoid-version -Wl,-z,relro -Wl,--as-needed  -Wl,-z,now -specs=/usr/lib/rpm/redhat/redhat-hardened-ld -specs=/usr/lib/rpm/redhat/redhat-annobin-cc1  -o dump/libdaq_static_dump.la -rpath /usr/lib64 dump/libdaq_static_dump_la-daq_dump.lo  
libtool: link: ar cru dump/.libs/libdaq_static_dump.a  dump/libdaq_static_dump_la-daq_dump.o
libtool: link: ranlib dump/.libs/libdaq_static_dump.a
libtool: link: ( cd "dump/.libs" && rm -f "libdaq_static_dump.la" && ln -s "../libdaq_static_dump.la" "libdaq_static_dump.la" )
/bin/sh ../libtool  --tag=CC   --mode=compile gcc -DHAVE_CONFIG_H -I. -I..  -fvisibility=hidden -Wall -Wmissing-declarations -Wpointer-arith -Wcast-align -Wcast-qual -Wformat -Wformat-nonliteral -Wformat-security -Wundef -Wwrite-strings -Wextra -Wsign-compare -Wno-unused-parameter -fno-strict-aliasing -fdiagnostics-show-option -I../api   -Wstrict-prototypes -Wmissing-prototypes -Wold-style-definition -Wnested-externs -O2 -flto=auto -ffat-lto-objects -fexceptions -g -grecord-gcc-switches -pipe -Wall -Werror=format-security -Wp,-D_FORTIFY_SOURCE=2 -Wp,-D_GLIBCXX_ASSERTIONS -specs=/usr/lib/rpm/redhat/redhat-hardened-cc1 -fstack-protector-strong -specs=/usr/lib/rpm/redhat/redhat-annobin-cc1  -m64 -march=x86-64-v2 -mtune=generic -fasynchronous-unwind-tables -fstack-clash-protection -fcf-protection -c -o pcap/libdaq_static_pcap_la-daq_pcap.lo `test -f 'pcap/daq_pcap.c' || echo './'`pcap/daq_pcap.c
libtool: compile:  gcc -DHAVE_CONFIG_H -I. -I.. -fvisibility=hidden -Wall -Wmissing-declarations -Wpointer-arith -Wcast-align -Wcast-qual -Wformat -Wformat-nonliteral -Wformat-security -Wundef -Wwrite-strings -Wextra -Wsign-compare -Wno-unused-parameter -fno-strict-aliasing -fdiagnostics-show-option -I../api -Wstrict-prototypes -Wmissing-prototypes -Wold-style-definition -Wnested-externs -O2 -flto=auto -ffat-lto-objects -fexceptions -g -grecord-gcc-switches -pipe -Wall -Werror=format-security -Wp,-D_FORTIFY_SOURCE=2 -Wp,-D_GLIBCXX_ASSERTIONS -specs=/usr/lib/rpm/redhat/redhat-hardened-cc1 -fstack-protector-strong -specs=/usr/lib/rpm/redhat/redhat-annobin-cc1 -m64 -march=x86-64-v2 -mtune=generic -fasynchronous-unwind-tables -fstack-clash-protection -fcf-protection -c pcap/daq_pcap.c  -fPIC -DPIC -o pcap/.libs/libdaq_static_pcap_la-daq_pcap.o
libtool: compile:  gcc -DHAVE_CONFIG_H -I. -I.. -fvisibility=hidden -Wall -Wmissing-declarations -Wpointer-arith -Wcast-align -Wcast-qual -Wformat -Wformat-nonliteral -Wformat-security -Wundef -Wwrite-strings -Wextra -Wsign-compare -Wno-unused-parameter -fno-strict-aliasing -fdiagnostics-show-option -I../api -Wstrict-prototypes -Wmissing-prototypes -Wold-style-definition -Wnested-externs -O2 -flto=auto -ffat-lto-objects -fexceptions -g -grecord-gcc-switches -pipe -Wall -Werror=format-security -Wp,-D_FORTIFY_SOURCE=2 -Wp,-D_GLIBCXX_ASSERTIONS -specs=/usr/lib/rpm/redhat/redhat-hardened-cc1 -fstack-protector-strong -specs=/usr/lib/rpm/redhat/redhat-annobin-cc1 -m64 -march=x86-64-v2 -mtune=generic -fasynchronous-unwind-tables -fstack-clash-protection -fcf-protection -c pcap/daq_pcap.c -o pcap/libdaq_static_pcap_la-daq_pcap.o >/dev/null 2>&1
/bin/sh ../libtool  --tag=CC   --mode=link gcc -Wstrict-prototypes -Wmissing-prototypes -Wold-style-definition -Wnested-externs -O2 -flto=auto -ffat-lto-objects -fexceptions -g -grecord-gcc-switches -pipe -Wall -Werror=format-security -Wp,-D_FORTIFY_SOURCE=2 -Wp,-D_GLIBCXX_ASSERTIONS -specs=/usr/lib/rpm/redhat/redhat-hardened-cc1 -fstack-protector-strong -specs=/usr/lib/rpm/redhat/redhat-annobin-cc1  -m64 -march=x86-64-v2 -mtune=generic -fasynchronous-unwind-tables -fstack-clash-protection -fcf-protection -static -avoid-version -Wl,-z,relro -Wl,--as-needed  -Wl,-z,now -specs=/usr/lib/rpm/redhat/redhat-hardened-ld -specs=/usr/lib/rpm/redhat/redhat-annobin-cc1  -o pcap/libdaq_static_pcap.la -rpath /usr/lib64 pcap/libdaq_static_pcap_la-daq_pcap.lo  
libtool: link: ar cru pcap/.libs/libdaq_static_pcap.a  pcap/libdaq_static_pcap_la-daq_pcap.o
libtool: link: ranlib pcap/.libs/libdaq_static_pcap.a
libtool: link: ( cd "pcap/.libs" && rm -f "libdaq_static_pcap.la" && ln -s "../libdaq_static_pcap.la" "libdaq_static_pcap.la" )
/bin/sh ../libtool  --tag=CC   --mode=compile gcc -DHAVE_CONFIG_H -I. -I..  -fvisibility=hidden -Wall -Wmissing-declarations -Wpointer-arith -Wcast-align -Wcast-qual -Wformat -Wformat-nonliteral -Wformat-security -Wundef -Wwrite-strings -Wextra -Wsign-compare -Wno-unused-parameter -fno-strict-aliasing -fdiagnostics-show-option -I../api  -Wstrict-prototypes -Wmissing-prototypes -Wold-style-definition -Wnested-externs -O2 -flto=auto -ffat-lto-objects -fexceptions -g -grecord-gcc-switches -pipe -Wall -Werror=format-security -Wp,-D_FORTIFY_SOURCE=2 -Wp,-D_GLIBCXX_ASSERTIONS -specs=/usr/lib/rpm/redhat/redhat-hardened-cc1 -fstack-protector-strong -specs=/usr/lib/rpm/redhat/redhat-annobin-cc1  -m64 -march=x86-64-v2 -mtune=generic -fasynchronous-unwind-tables -fstack-clash-protection -fcf-protection -c -o savefile/libdaq_static_savefile_la-daq_savefile.lo `test -f 'savefile/daq_savefile.c' || echo './'`savefile/daq_savefile.c
libtool: compile:  gcc -DHAVE_CONFIG_H -I. -I.. -fvisibility=hidden -Wall -Wmissing-declarations -Wpointer-arith -Wcast-align -Wcast-qual -Wformat -Wformat-nonliteral -Wformat-security -Wundef -Wwrite-strings -Wextra -Wsign-compare -Wno-unused-parameter -fno-strict-aliasing -fdiagnostics-show-option -I../api -Wstrict-prototypes -Wmissing-prototypes -Wold-style-definition -Wnested-externs -O2 -flto=auto -ffat-lto-objects -fexceptions -g -grecord-gcc-switches -pipe -Wall -Werror=format-security -Wp,-D_FORTIFY_SOURCE=2 -Wp,-D_GLIBCXX_ASSERTIONS -specs=/usr/lib/rpm/redhat/redhat-hardened-cc1 -fstack-protector-strong -specs=/usr/lib/rpm/redhat/redhat-annobin-cc1 -m64 -march=x86-64-v2 -mtune=generic -fasynchronous-unwind-tables -fstack-clash-protection -fcf-protection -c savefile/daq_savefile.c  -fPIC -DPIC -o savefile/.libs/libdaq_static_savefile_la-daq_savefile.o
savefile/daq_savefile.c: In function 'savefile_read_message':
savefile/daq_savefile.c:167:43: warning: comparison of integer expressions of different signedness: 'long unsigned int' and 'off_t' {aka 'long int'} [-Wsign-compare]
  167 |     if (sfc->file_offset + sizeof(*sfhdr) > sfc->file_size)
      |                                           ^
savefile/daq_savefile.c: In function 'savefile_daq_start':
savefile/daq_savefile.c:315:24: warning: comparison of integer expressions of different signedness: 'off_t' {aka 'long int'} and 'long unsigned int' [-Wsign-compare]
  315 |     if (sfc->file_size < sizeof(struct pcap_file_header))
      |                        ^
libtool: compile:  gcc -DHAVE_CONFIG_H -I. -I.. -fvisibility=hidden -Wall -Wmissing-declarations -Wpointer-arith -Wcast-align -Wcast-qual -Wformat -Wformat-nonliteral -Wformat-security -Wundef -Wwrite-strings -Wextra -Wsign-compare -Wno-unused-parameter -fno-strict-aliasing -fdiagnostics-show-option -I../api -Wstrict-prototypes -Wmissing-prototypes -Wold-style-definition -Wnested-externs -O2 -flto=auto -ffat-lto-objects -fexceptions -g -grecord-gcc-switches -pipe -Wall -Werror=format-security -Wp,-D_FORTIFY_SOURCE=2 -Wp,-D_GLIBCXX_ASSERTIONS -specs=/usr/lib/rpm/redhat/redhat-hardened-cc1 -fstack-protector-strong -specs=/usr/lib/rpm/redhat/redhat-annobin-cc1 -m64 -march=x86-64-v2 -mtune=generic -fasynchronous-unwind-tables -fstack-clash-protection -fcf-protection -c savefile/daq_savefile.c -o savefile/libdaq_static_savefile_la-daq_savefile.o >/dev/null 2>&1
/bin/sh ../libtool  --tag=CC   --mode=link gcc -Wstrict-prototypes -Wmissing-prototypes -Wold-style-definition -Wnested-externs -O2 -flto=auto -ffat-lto-objects -fexceptions -g -grecord-gcc-switches -pipe -Wall -Werror=format-security -Wp,-D_FORTIFY_SOURCE=2 -Wp,-D_GLIBCXX_ASSERTIONS -specs=/usr/lib/rpm/redhat/redhat-hardened-cc1 -fstack-protector-strong -specs=/usr/lib/rpm/redhat/redhat-annobin-cc1  -m64 -march=x86-64-v2 -mtune=generic -fasynchronous-unwind-tables -fstack-clash-protection -fcf-protection -static -avoid-version -Wl,-z,relro -Wl,--as-needed  -Wl,-z,now -specs=/usr/lib/rpm/redhat/redhat-hardened-ld -specs=/usr/lib/rpm/redhat/redhat-annobin-cc1  -o savefile/libdaq_static_savefile.la -rpath /usr/lib64 savefile/libdaq_static_savefile_la-daq_savefile.lo  
libtool: link: ar cru savefile/.libs/libdaq_static_savefile.a  savefile/libdaq_static_savefile_la-daq_savefile.o
libtool: link: ranlib savefile/.libs/libdaq_static_savefile.a
libtool: link: ( cd "savefile/.libs" && rm -f "libdaq_static_savefile.la" && ln -s "../libdaq_static_savefile.la" "libdaq_static_savefile.la" )
/bin/sh ../libtool  --tag=CC   --mode=compile gcc -DHAVE_CONFIG_H -I. -I..  -fvisibility=hidden -Wall -Wmissing-declarations -Wpointer-arith -Wcast-align -Wcast-qual -Wformat -Wformat-nonliteral -Wformat-security -Wundef -Wwrite-strings -Wextra -Wsign-compare -Wno-unused-parameter -fno-strict-aliasing -fdiagnostics-show-option -I../api  -Wstrict-prototypes -Wmissing-prototypes -Wold-style-definition -Wnested-externs -O2 -flto=auto -ffat-lto-objects -fexceptions -g -grecord-gcc-switches -pipe -Wall -Werror=format-security -Wp,-D_FORTIFY_SOURCE=2 -Wp,-D_GLIBCXX_ASSERTIONS -specs=/usr/lib/rpm/redhat/redhat-hardened-cc1 -fstack-protector-strong -specs=/usr/lib/rpm/redhat/redhat-annobin-cc1  -m64 -march=x86-64-v2 -mtune=generic -fasynchronous-unwind-tables -fstack-clash-protection -fcf-protection -c -o trace/libdaq_static_trace_la-daq_trace.lo `test -f 'trace/daq_trace.c' || echo './'`trace/daq_trace.c
libtool: compile:  gcc -DHAVE_CONFIG_H -I. -I.. -fvisibility=hidden -Wall -Wmissing-declarations -Wpointer-arith -Wcast-align -Wcast-qual -Wformat -Wformat-nonliteral -Wformat-security -Wundef -Wwrite-strings -Wextra -Wsign-compare -Wno-unused-parameter -fno-strict-aliasing -fdiagnostics-show-option -I../api -Wstrict-prototypes -Wmissing-prototypes -Wold-style-definition -Wnested-externs -O2 -flto=auto -ffat-lto-objects -fexceptions -g -grecord-gcc-switches -pipe -Wall -Werror=format-security -Wp,-D_FORTIFY_SOURCE=2 -Wp,-D_GLIBCXX_ASSERTIONS -specs=/usr/lib/rpm/redhat/redhat-hardened-cc1 -fstack-protector-strong -specs=/usr/lib/rpm/redhat/redhat-annobin-cc1 -m64 -march=x86-64-v2 -mtune=generic -fasynchronous-unwind-tables -fstack-clash-protection -fcf-protection -c trace/daq_trace.c  -fPIC -DPIC -o trace/.libs/libdaq_static_trace_la-daq_trace.o
libtool: compile:  gcc -DHAVE_CONFIG_H -I. -I.. -fvisibility=hidden -Wall -Wmissing-declarations -Wpointer-arith -Wcast-align -Wcast-qual -Wformat -Wformat-nonliteral -Wformat-security -Wundef -Wwrite-strings -Wextra -Wsign-compare -Wno-unused-parameter -fno-strict-aliasing -fdiagnostics-show-option -I../api -Wstrict-prototypes -Wmissing-prototypes -Wold-style-definition -Wnested-externs -O2 -flto=auto -ffat-lto-objects -fexceptions -g -grecord-gcc-switches -pipe -Wall -Werror=format-security -Wp,-D_FORTIFY_SOURCE=2 -Wp,-D_GLIBCXX_ASSERTIONS -specs=/usr/lib/rpm/redhat/redhat-hardened-cc1 -fstack-protector-strong -specs=/usr/lib/rpm/redhat/redhat-annobin-cc1 -m64 -march=x86-64-v2 -mtune=generic -fasynchronous-unwind-tables -fstack-clash-protection -fcf-protection -c trace/daq_trace.c -o trace/libdaq_static_trace_la-daq_trace.o >/dev/null 2>&1
/bin/sh ../libtool  --tag=CC   --mode=link gcc -Wstrict-prototypes -Wmissing-prototypes -Wold-style-definition -Wnested-externs -O2 -flto=auto -ffat-lto-objects -fexceptions -g -grecord-gcc-switches -pipe -Wall -Werror=format-security -Wp,-D_FORTIFY_SOURCE=2 -Wp,-D_GLIBCXX_ASSERTIONS -specs=/usr/lib/rpm/redhat/redhat-hardened-cc1 -fstack-protector-strong -specs=/usr/lib/rpm/redhat/redhat-annobin-cc1  -m64 -march=x86-64-v2 -mtune=generic -fasynchronous-unwind-tables -fstack-clash-protection -fcf-protection -static -avoid-version -Wl,-z,relro -Wl,--as-needed  -Wl,-z,now -specs=/usr/lib/rpm/redhat/redhat-hardened-ld -specs=/usr/lib/rpm/redhat/redhat-annobin-cc1  -o trace/libdaq_static_trace.la -rpath /usr/lib64 trace/libdaq_static_trace_la-daq_trace.lo  
libtool: link: ar cru trace/.libs/libdaq_static_trace.a  trace/libdaq_static_trace_la-daq_trace.o
libtool: link: ranlib trace/.libs/libdaq_static_trace.a
libtool: link: ( cd "trace/.libs" && rm -f "libdaq_static_trace.la" && ln -s "../libdaq_static_trace.la" "libdaq_static_trace.la" )
/bin/sh ../libtool  --tag=CXX   --mode=compile g++ -DHAVE_CONFIG_H -I. -I..  -fvisibility=hidden -Wall -Wmissing-declarations -Wpointer-arith -Wcast-align -Wcast-qual -Wformat -Wformat-nonliteral -Wformat-security -Wundef -Wwrite-strings -Wextra -Wsign-compare -Wno-unused-parameter -fno-strict-aliasing -fdiagnostics-show-option -I../api   -O2 -flto=auto -ffat-lto-objects -fexceptions -g -grecord-gcc-switches -pipe -Wall -Werror=format-security -Wp,-D_FORTIFY_SOURCE=2 -Wp,-D_GLIBCXX_ASSERTIONS -specs=/usr/lib/rpm/redhat/redhat-hardened-cc1 -fstack-protector-strong -specs=/usr/lib/rpm/redhat/redhat-annobin-cc1  -m64 -march=x86-64-v2 -mtune=generic -fasynchronous-unwind-tables -fstack-clash-protection -fcf-protection -c -o gwlb/libdaq_static_gwlb_la-daq_gwlb.lo `test -f 'gwlb/daq_gwlb.cc' || echo './'`gwlb/daq_gwlb.cc
libtool: compile:  g++ -DHAVE_CONFIG_H -I. -I.. -fvisibility=hidden -Wall -Wmissing-declarations -Wpointer-arith -Wcast-align -Wcast-qual -Wformat -Wformat-nonliteral -Wformat-security -Wundef -Wwrite-strings -Wextra -Wsign-compare -Wno-unused-parameter -fno-strict-aliasing -fdiagnostics-show-option -I../api -O2 -flto=auto -ffat-lto-objects -fexceptions -g -grecord-gcc-switches -pipe -Wall -Werror=format-security -Wp,-D_FORTIFY_SOURCE=2 -Wp,-D_GLIBCXX_ASSERTIONS -specs=/usr/lib/rpm/redhat/redhat-hardened-cc1 -fstack-protector-strong -specs=/usr/lib/rpm/redhat/redhat-annobin-cc1 -m64 -march=x86-64-v2 -mtune=generic -fasynchronous-unwind-tables -fstack-clash-protection -fcf-protection -c gwlb/daq_gwlb.cc  -o gwlb/.libs/libdaq_static_gwlb_la-daq_gwlb.o
../libtool: line 1763: g++: command not found
make[2]: *** [Makefile:1397: gwlb/libdaq_static_gwlb_la-daq_gwlb.lo] Error 1
make[2]: Leaving directory '/builddir/build/BUILD/libdaq-4580f3/modules'
make[1]: *** [Makefile:564: all-recursive] Error 1
make[1]: Leaving directory '/builddir/build/BUILD/libdaq-4580f3'
make: *** [Makefile:450: all] Error 2
error: Bad exit status from /var/tmp/rpm-tmp.nl8ejT (%build)
RPM build errors:
    Bad exit status from /var/tmp/rpm-tmp.nl8ejT (%build)
Child return code was: 1
EXCEPTION: [Error('Command failed: \n # /usr/bin/systemd-nspawn -q -M 87b8d3f010be49f0bf5da3ea021a4b45 -D /var/lib/mock/sdk9/root -a -u mockbuild --capability=cap_ipc_lock --bind=/tmp/mock-resolv.o2flt19j:/etc/resolv.conf --bind=/dev/mapper/control --bind=/dev/fuse --bind=/dev/loop-control --bind=/dev/loop0 --bind=/dev/loop1 --bind=/dev/loop2 --bind=/dev/loop3 --bind=/dev/loop4 --bind=/dev/loop5 --bind=/dev/loop6 --bind=/dev/loop7 --bind=/dev/loop8 --bind=/dev/loop9 --bind=/dev/loop10 --bind=/dev/loop11 --console=pipe --setenv=TERM=vt100 --setenv=SHELL=/bin/bash --setenv=HOME=/builddir --setenv=HOSTNAME=mock --setenv=PATH=/usr/bin:/bin:/usr/sbin:/sbin \'--setenv=PROMPT_COMMAND=printf "\\033]0;<mock-chroot>\\007"\' \'--setenv=PS1=<mock-chroot> \\s-\\v\\$ \' --setenv=LANG=C.UTF-8 --resolv-conf=off bash --login -c \'/usr/bin/rpmbuild -bb  --target x86_64 --nodeps /builddir/build/SPECS/libdaq.spec\'\n', 1)]
Traceback (most recent call last):
  File "/usr/lib/python3.9/site-packages/mockbuild/trace_decorator.py", line 93, in trace
    result = func(*args, **kw)
  File "/usr/lib/python3.9/site-packages/mockbuild/util.py", line 612, in do_with_status
    raise exception.Error("Command failed: \n # %s\n%s" % (cmd_pretty(command, env), output), child.returncode)
mockbuild.exception.Error: Command failed: 
 # /usr/bin/systemd-nspawn -q -M 87b8d3f010be49f0bf5da3ea021a4b45 -D /var/lib/mock/sdk9/root -a -u mockbuild --capability=cap_ipc_lock --bind=/tmp/mock-resolv.o2flt19j:/etc/resolv.conf --bind=/dev/mapper/control --bind=/dev/fuse --bind=/dev/loop-control --bind=/dev/loop0 --bind=/dev/loop1 --bind=/dev/loop2 --bind=/dev/loop3 --bind=/dev/loop4 --bind=/dev/loop5 --bind=/dev/loop6 --bind=/dev/loop7 --bind=/dev/loop8 --bind=/dev/loop9 --bind=/dev/loop10 --bind=/dev/loop11 --console=pipe --setenv=TERM=vt100 --setenv=SHELL=/bin/bash --setenv=HOME=/builddir --setenv=HOSTNAME=mock --setenv=PATH=/usr/bin:/bin:/usr/sbin:/sbin '--setenv=PROMPT_COMMAND=printf "\033]0;<mock-chroot>\007"' '--setenv=PS1=<mock-chroot> \s-\v\$ ' --setenv=LANG=C.UTF-8 --resolv-conf=off bash --login -c '/usr/bin/rpmbuild -bb  --target x86_64 --nodeps /builddir/build/SPECS/libdaq.spec'

