CPU info:
Architecture:                       x86_64
CPU op-mode(s):                     32-bit, 64-bit
Address sizes:                      39 bits physical, 48 bits virtual
Byte Order:                         Little Endian
CPU(s):                             12
On-line CPU(s) list:                0-11
Vendor ID:                          GenuineIntel
BIOS Vendor ID:                     Intel(R) Corporation
Model name:                         12th Gen Intel(R) Core(TM) i5-12400
BIOS Model name:                    12th Gen Intel(R) Core(TM) i5-12400
CPU family:                         6
Model:                              151
Thread(s) per core:                 2
Core(s) per socket:                 6
Socket(s):                          1
Stepping:                           2
CPU(s) scaling MHz:                 82%
CPU max MHz:                        4400.0000
CPU min MHz:                        800.0000
BogoMIPS:                           4992.00
Flags:                              fpu vme de pse tsc msr pae mce cx8 apic sep mtrr pge mca cmov pat pse36 clflush dts acpi mmx fxsr sse sse2 ss ht tm pbe syscall nx pdpe1gb rdtscp lm constant_tsc art arch_perfmon pebs bts rep_good nopl xtopology nonstop_tsc cpuid aperfmperf tsc_known_freq pni pclmulqdq dtes64 monitor ds_cpl vmx est tm2 ssse3 sdbg fma cx16 xtpr pdcm sse4_1 sse4_2 x2apic movbe popcnt tsc_deadline_timer aes xsave avx f16c rdrand lahf_lm abm 3dnowprefetch cpuid_fault ssbd ibrs ibpb stibp ibrs_enhanced tpr_shadow flexpriority ept vpid ept_ad fsgsbase tsc_adjust bmi1 avx2 smep bmi2 erms invpcid rdseed adx smap clflushopt clwb intel_pt sha_ni xsaveopt xsavec xgetbv1 xsaves split_lock_detect avx_vnni dtherm ida arat pln pts hwp hwp_notify hwp_act_window hwp_epp hwp_pkg_req hfi vnmi umip pku ospke waitpkg gfni vaes vpclmulqdq rdpid movdiri movdir64b fsrm md_clear serialize arch_lbr ibt flush_l1d arch_capabilities
Virtualization:                     VT-x
L1d cache:                          288 KiB (6 instances)
L1i cache:                          192 KiB (6 instances)
L2 cache:                           7.5 MiB (6 instances)
L3 cache:                           18 MiB (1 instance)
NUMA node(s):                       1
NUMA node0 CPU(s):                  0-11
Vulnerability Gather data sampling: Not affected
Vulnerability Itlb multihit:        Not affected
Vulnerability L1tf:                 Not affected
Vulnerability Mds:                  Not affected
Vulnerability Meltdown:             Not affected
Vulnerability Mmio stale data:      Not affected
Vulnerability Retbleed:             Not affected
Vulnerability Spec rstack overflow: Not affected
Vulnerability Spec store bypass:    Mitigation; Speculative Store Bypass disabled via prctl
Vulnerability Spectre v1:           Mitigation; usercopy/swapgs barriers and __user pointer sanitization
Vulnerability Spectre v2:           Mitigation; Enhanced / Automatic IBRS, IBPB conditional, RSB filling, PBRSB-eIBRS SW sequence
Vulnerability Srbds:                Not affected
Vulnerability Tsx async abort:      Not affected


Memory:
               total        used        free      shared  buff/cache   available
Mem:        15879900     9381412     1356476     1471884     6997752     6498488
Swap:        8130556     4045568     4084988


Storage (chroot, cache_topdir):
Filesystem          Type  Size  Used Avail Use% Mounted on
/dev/mapper/rl-root xfs    76G   34G   42G  45% /
/dev/mapper/rl-root xfs    76G   34G   42G  45% /
