gpg-pubkey-350d275d-6279464b 1652115019 0 (none) installed
gpg-pubkey-3228467c-613798eb 1631033579 0 (none) installed
libgcc-11.4.1-3.el9.x86_64 1712023611 198756 21abcdb945463bb9a76ac01798f8ca75 installed
crypto-policies-20240202-1.git283706d.el9.noarch 1713651797 86194 85279b7050cad1c7fba4a79f1e211694 installed
rust-srpm-macros-17-4.el9.noarch 1652267604 2447 f473eb960de326eea8285ce84d1e7972 installed
rust-srpm-macros-epel-26.3-1.el9.noarch 1715974806 2907 f2cae61d2d5501f547c200dfb2c6f670 installed
qt6-srpm-macros-6.6.2-1.el9.noarch 1714509998 456 8b2431231baa0f317fa2536ecad7f3ae installed
fpc-srpm-macros-1.3-7.el9.noarch 1676900002 144 bd6bb74a216ab5498ee5ab7981c3f401 installed
ansible-srpm-macros-1-16.el9.noarch 1726849052 36518 fb4f820e4d0d31d624d72536160aad01 installed
qt5-srpm-macros-5.15.9-1.el9.noarch 1698510920 492 f878432102092d87bbdbb2e936f8378b installed
ocaml-srpm-macros-6-6.el9.noarch 1652800868 745 73be47bd06ff2934c420576ab4426d56 installed
perl-srpm-macros-1-41.el9.noarch 1652557781 862 52f1bf91c8b58cea8094d6e3be4c7f0e installed
openblas-srpm-macros-2-11.el9.noarch 1652484909 104 d4f8d1073512b1b0c44f95a04285ce97 installed
ghc-srpm-macros-1.5.0-6.el9.noarch 1652267567 535 71fed58726c9a4e11b4ca5eeec6adfe4 installed
rocky-gpg-keys-9.4-1.7.el9.noarch 1717767397 4909 501a1f8a89c7d29b9f19b4efd9c30dd6 installed
rocky-release-9.4-1.7.el9.noarch 1717767397 22720 c3ed7cff3180a9a3d64662060dfd6f81 installed
rocky-repos-9.4-1.7.el9.noarch 1717767397 15811 071abd6c645b0174c9a218683eb565c9 installed
setup-2.13.7-10.el9.noarch 1712520949 725932 69bddb22c48ee24373556f12566c97fe installed
filesystem-3.16-2.el9.x86_64 1652704127 106 23b5096f815b73dcdfb4fbececc45994 installed
basesystem-11-13.el9.0.1.noarch 1709228238 0 f879a2f8e19c7d73507d01111e899ca0 installed
libssh-config-0.10.4-13.el9.noarch 1713763564 277 bff578f15ac2198c74043e3cf19c8c31 installed
ncurses-base-6.2-10.20210508.el9.noarch 1699224115 307293 de956b53147623c910c9764db2b0cc63 installed
coreutils-common-8.32-35.el9.x86_64 1713638500 10880514 a9c1114ccc7bfb712467a853debc0b4b installed
pkgconf-m4-1.7.3-10.el9.noarch 1681536714 14187 12b061c94e3a733e9c1e8921ea590501 installed
tzdata-2024a-1.el9.noarch 1707439788 1707934 8dd0bb8da592bdf97097b03fee7e805e installed
bash-5.1.8-9.el9.x86_64 1714476567 7738730 5d975b56a64ca3b035f8191eba908139 installed
ncurses-libs-6.2-10.20210508.el9.x86_64 1699224109 994359 3c88f7bf35dd5007bdf5ceccd8e85588 installed
zlib-1.2.11-40.el9.x86_64 1698484642 202921 769b855a81f624aff2c4d5d5f7b85874 installed
xz-libs-5.2.5-8.el9_0.x86_64 1655269093 181573 078cdcb6e241d5bae897e8ffbe5abc12 installed
bzip2-libs-1.0.8-8.el9.x86_64 1652703093 78748 56ccd1295a53fb6b17467ce62e1967c6 installed
libxcrypt-4.4.18-3.el9.x86_64 1653510262 270716 009b94ca2e493d96aa69f2cf33ea75bc installed
libzstd-1.5.1-2.el9.x86_64 1653582655 902059 ca2132c1b2abfc412f104f2e81b8973c installed
elfutils-libelf-0.190-2.el9.x86_64 1712390066 1026782 62f26d003951cc56e49f8b961c94f9b9 installed
libcap-2.48-9.el9_2.x86_64 1695148324 177463 b9b4a15cb629f218f5289b0d23d818f9 installed
libstdc++-11.4.1-3.el9.x86_64 1712023611 2537734 d28efbbd25b5eabf10e17740d0db532f installed
libuuid-2.37.4-18.el9.x86_64 1713637417 38109 e27016edf0adf4d379c0fb52fa69e3e4 installed
lz4-libs-1.9.3-5.el9.x86_64 1652703415 145507 cfdb2734e4e037ef811fa970b2a41ddd installed
popt-1.18-8.el9.x86_64 1652704144 130376 c6ee753abf2608135eef84c6543c4713 installed
libattr-2.5.1-3.el9.x86_64 1653510145 29445 1592052a48688a467ac8c10809b4c1e9 installed
libacl-2.3.1-4.el9.x86_64 1712682705 40674 5fde7da3b371015dd2e8ff6378b3e9fb installed
libsepol-3.6-1.el9.x86_64 1712515546 829267 0614bc049866aa34141f73875b42bb69 installed
libcap-ng-0.8.2-7.el9.x86_64 1652703377 75196 45dc2b2ff774e4f4e94f7c354dd56e74 installed
audit-libs-3.1.2-2.el9.x86_64 1713160680 314049 b2bbe9c818d5667ded818cef8415e644 installed
gmp-1:6.2.0-13.el9.x86_64 1699048080 816844 774609cd79716dc0d9b8d99d2db05d5b installed
libcom_err-1.46.5-5.el9.x86_64 1713382298 68513 6551391b1655329ab369813eb9e29b39 installed
readline-8.1-4.el9.x86_64 1652703611 492900 66ec97b30c4ebb8b6e3cd340d919dcd3 installed
mpfr-4.1.0-7.el9.x86_64 1653510195 802587 74619be075ab6bbc6f6f3eb27869ac7e installed
dwz-0.14-3.el9.x86_64 1653510016 281782 fec391e14ef27979b4a5fe5393ebeeb1 installed
unzip-6.0-56.el9.x86_64 1652703687 401059 e1a16f9b8f7307d3782d38e312e199dc installed
file-libs-5.39-16.el9.x86_64 1713229404 8086748 8a6abd7e8541ba109fc0feec729f6280 installed
file-5.39-16.el9.x86_64 1713229404 102664 4a8b0de2bef2340189fb3e64f8cfe0e8 installed
sqlite-libs-3.34.1-7.el9_3.x86_64 1706153221 1310928 bbfafb488a4ddf51327b6c03bdcb0a22 installed
alternatives-1.24-1.el9.x86_64 1698658421 63270 173028ca236820903086a5aa63ff6e39 installed
lua-libs-5.4.4-4.el9.x86_64 1697607316 287323 32deba31381adab09c4376aa86a7f2f5 installed
libsigsegv-2.13-4.el9.x86_64 1652567842 50354 06625e6afe8f42ae91ba0e98dfa9e222 installed
gawk-5.1.0-6.el9.x86_64 1652446843 1685670 6a721f681e66961ab13ef1288f028e22 installed
libunistring-0.9.10-15.el9.x86_64 1652703686 1643051 354dedb80398de4afb10e8e3806bc5da installed
libidn2-2.3.0-7.el9.x86_64 1652703429 253476 b212886c674f27c872317e6ee6855977 installed
diffutils-3.7-12.el9.x86_64 1652899808 1467877 3fbd27f737957ccf8bc68713319471db installed
libtasn1-4.16.0-8.el9_1.x86_64 1674521524 183348 7b5cc1f1fccf947259c8ba1417cab526 installed
libsmartcols-2.37.4-18.el9.x86_64 1713637417 134899 43bed86ce156daab24aa65aa4a5021ac installed
zip-3.0-35.el9.x86_64 1682535986 741151 12a2063a23942b9626bc54af762d1769 installed
acl-2.3.1-4.el9.x86_64 1712682705 212535 e5ffc526800fc1ddd4b3e61c9a3f3048 installed
zstd-1.5.1-2.el9.x86_64 1653582655 1902812 93bd29879478cc8b29fe7bb3df2ad891 installed
groff-base-1.22.4-10.el9.x86_64 1652712412 4040406 b3cf69de02fcebc8ae460f871b3efde4 installed
bzip2-1.0.8-8.el9.x86_64 1652703093 96080 f9622388dbbb4fe985601ec886c8f75f installed
libxml2-2.9.13-6.el9_4.x86_64 1714710076 1955708 c92aad4b21d0b1c8244f73d626cba471 installed
info-6.7-15.el9.x86_64 1652703914 508027 9065cd2c5f7bf7c4203969e66fe0f4fe installed
ed-1.14.2-12.el9.x86_64 1652567904 129931 19769aef4345277f58192dedc6418bfc installed
expat-2.5.0-2.el9_4.1.x86_64 1726676626 309442 8e7247d74b4d44e35d1f5967996d62af installed
libbrotli-1.0.9-6.el9.x86_64 1652703155 784602 dd9791df1bf67a89043b6bf44bbb00b6 installed
libverto-0.3.2-3.el9.x86_64 1652703457 30381 ab20fd3e76a7e65cda2205582d56669d installed
libdb-5.3.28-53.el9.x86_64 1652703451 1898046 17ac83fdc2ddf31f044c79c5519c00eb installed
cpio-2.13-16.el9.x86_64 1652704061 1088176 92b5a0e69a90cb4cdd561954ef2f92e6 installed
libnghttp2-1.43.0-5.el9_4.3.x86_64 1717114811 169892 c985a33546c83df4c67852352059c9b4 installed
libpkgconf-1.7.3-10.el9.x86_64 1681536714 75425 5d8bf5d30b338e5cddf9ac38db81428b installed
pkgconf-1.7.3-10.el9.x86_64 1681536714 77890 6d4afc2fa1090836b5e24e8ab21be4a6 installed
pkgconf-pkg-config-1.7.3-10.el9.x86_64 1681536714 1203 22a1213f2869406a12ca4174b5dd103e installed
gdbm-libs-1:1.19-4.el9.x86_64 1652195596 116306 6ed9a672d0f5351adb623e32417e420f installed
libffi-3.4.2-8.el9.x86_64 1698571420 65761 67a9fdf44690673ca2034843b2459a18 installed
p11-kit-0.25.3-2.el9.x86_64 1713224750 2530564 fbc6393977d18d78d804da124b928f35 installed
p11-kit-trust-0.25.3-2.el9.x86_64 1713224750 478068 3502c2386c8437954ed9653884001f05 installed
libseccomp-2.5.2-2.el9.x86_64 1653510345 175261 85b2a8fcac27032ba8ddd3e068a3a687 installed
libgpg-error-1.42-5.el9.x86_64 1653510224 837056 99c44f4fadc8f9a9103d47e9b21d2620 installed
libgcrypt-1.10.0-10.el9_2.x86_64 1683633842 1382018 a5fccf5816538fa7cf26454c06ba2d6c installed
pcre-8.44-3.el9.3.x86_64 1653563012 539328 f608ec9403e9878f626da9042fc07a6e installed
grep-3.6-5.el9.x86_64 1652712553 857864 98d808fd3d09606215d7de3258c9f1a9 installed
xz-5.2.5-8.el9_0.x86_64 1655269093 685931 32384d0037322e70b1394d34df5d71ab installed
ncurses-6.2-10.20210508.el9.x86_64 1699224109 624676 abd134e0b9b678979cc10dc39478841b installed
keyutils-libs-1.6.3-1.el9.x86_64 1681766930 55267 b280a8e5cca83fc5e3df0704a38e180f installed
libgomp-11.4.1-3.el9.x86_64 1712023611 421733 56ba55b28be198aeb515195c80ab3e09 installed
libeconf-0.4.1-3.el9_2.x86_64 1690924622 45723 e85f6d8877b8fba279b99a0cdb336e66 installed
systemd-rpm-macros-252-32.el9_4.7.noarch 1725388762 9516 2ead211430adfb8d06442dfbc727b4ef installed
pcre2-syntax-10.40-5.el9.noarch 1713751498 234324 287379dba1e54db2ef2461e8cb7b3953 installed
pcre2-10.40-5.el9.x86_64 1713751500 652298 2c01b0d4bfc5f79c094049538f1fe76f installed
libselinux-3.6-1.el9.x86_64 1712516193 176861 6b667cd8765911ef783a457069da58ec installed
sed-4.8-9.el9.x86_64 1652712399 813607 415f8fb73ee020b229344cba9cfc297d installed
findutils-1:4.8.0-6.el9.x86_64 1699156906 1756590 14daef46de1740116db17175d0e11341 installed
openssl-libs-1:3.0.7-28.el9_4.x86_64 1726687677 6776518 ac512ecd7e4b97c259126fc258789dc4 installed
coreutils-8.32-35.el9.x86_64 1713638500 5979330 a7a0956af41dd03d4fd8a6aa4d5e7900 installed
ca-certificates-2024.2.69_v8.0.303-91.4.el9_4.noarch 1724259362 2698659 afafd3dc4333f572297a30d065026b7a installed
libblkid-2.37.4-18.el9.x86_64 1713637417 229849 6c3220bc2da3f3a445d280b99c7c6f4c installed
systemd-libs-252-32.el9_4.7.x86_64 1725388762 1802816 fc4f597b920fb9977c66dd4090b33219 installed
libmount-2.37.4-18.el9.x86_64 1713637417 318445 50a7bd54ebba44b28a803d6bf2f83e5e installed
krb5-libs-1.21.1-2.el9_4.x86_64 1725430383 2499809 af8f1f8e2f1b5e59a7619a978d3e44c1 installed
libfdisk-2.37.4-18.el9.x86_64 1713637417 367891 7953cedb191a63f3e9563e178d9543ab installed
gzip-1.12-1.el9.x86_64 1667088950 377005 c3b6a711959934acd5bde6ee77091d4f installed
cracklib-2.9.6-27.el9.x86_64 1654018888 251890 9e558ac1727da7b9f6ecabf18a83daa1 installed
libsemanage-3.6-1.el9.x86_64 1712516928 307246 f70fdf61fbbfd526fa645a38107ed8ae installed
shadow-utils-2:4.9-8.el9.x86_64 1698695764 3812541 5fad7306bc4237fb5cf2c79e9621bed3 installed
libselinux-utils-3.6-1.el9.x86_64 1712516193 421731 947b17ba4e2e75f5fd460d1c54d20b95 installed
libutempter-1.2.1-6.el9.x86_64 1652703699 59433 c8a01f5605facb680c8781954f73e338 installed
cracklib-dicts-2.9.6-27.el9.x86_64 1654018888 9815154 12acec65b7f9b7b688070dc47712c208 installed
libssh-0.10.4-13.el9.x86_64 1713763564 535899 af8d52632279c55a9d1e5a712e6533a6 installed
cyrus-sasl-lib-2.1.27-21.el9.x86_64 1681491786 2380296 f75fe2d474957477a7aa070621dad34e installed
util-linux-core-2.37.4-18.el9.x86_64 1713637417 1266391 62e6924f86172ffb57db706c8fcfae89 installed
perl-Digest-1.19-4.el9.noarch 1652703818 36844 7acf0ce5dacda32faa23b7d43301750b installed
perl-Digest-MD5-2.58-4.el9.x86_64 1652703781 61530 12bfc64ff312fa435f1de2e068508db2 installed
perl-B-0:1.80-481.el9.x86_64 1713228288 504555 a07440dad94c7b1363259f219810fece installed
perl-FileHandle-0:2.03-481.el9.noarch 1713228288 10529 c2c4a776ff41b6667b628299a0e364ce installed
perl-Data-Dumper-2.174-462.el9.x86_64 1652703890 111885 3aa2e656fe92cf1ed66d60f77aea3fce installed
perl-libnet-3.13-4.el9.noarch 1652267711 299357 5cad22704f22db0d115e4f8d698810a0 installed
perl-base-0:2.27-481.el9.noarch 1713228288 13819 06bf8736b34e994dbf68d45b12117422 installed
perl-AutoLoader-0:5.74-481.el9.noarch 1713228288 22037 8f9f63bea2e8d11442b96550672bd207 installed
perl-URI-5.09-3.el9.noarch 1652704129 216915 1d512155a3508e84fba3d011462e50bc installed
perl-Mozilla-CA-20200520-6.el9.noarch 1652703889 5866 379218f96763af378c71e840443183f8 installed
perl-Text-Tabs+Wrap-2013.0523-460.el9.noarch 1652703807 24828 6038ed059fb2e061a8f24754e6d59676 installed
perl-Pod-Escapes-1:1.07-460.el9.noarch 1652704129 25764 bc30ec7f10e23f50a4e6b4a2a232bc7b installed
perl-if-0:0.60.800-481.el9.noarch 1713228288 6874 224b44a8413cf3c582f82c4f8fc6d2e6 installed
perl-File-Path-2.18-4.el9.noarch 1652267626 65333 0913f114ee7544e2c36b3c1306b3cacd installed
perl-IO-Socket-IP-0.41-5.el9.noarch 1652267587 100240 e15309272bc8233c371974031d4038f4 installed
perl-Time-Local-2:1.300-7.el9.noarch 1652267583 67344 1ceb12a5fab9494f14aeeae4f98974f8 installed
perl-IO-Socket-SSL-2.073-1.el9.noarch 1652703778 616297 147440a41752ddce2814e0638553af37 installed
perl-Net-SSLeay-1.92-2.el9.x86_64 1667269243 1399960 24b753d211704e1e6475a2fd82632c14 installed
perl-Term-ANSIColor-5.01-461.el9.noarch 1652704129 100303 6269583276d0a928ad3fca3fe17a56ea installed
perl-POSIX-0:1.94-481.el9.x86_64 1713228288 240147 55fa42773b8ddc7c6b05edf551a23259 installed
perl-Term-Cap-1.17-460.el9.noarch 1652703890 29851 1907857c90d2b95a426abf39cf156412 installed
perl-subs-0:1.03-481.el9.noarch 1713228288 3060 e8640e02ab56f05ac26dceb7e2d7d185 installed
perl-Pod-Simple-1:3.42-4.el9.noarch 1652267663 577293 82d3854aa1de3ebb86a9312a6340e90f installed
perl-IPC-Open3-0:1.21-481.el9.noarch 1713228288 25044 d8fb6c2c7e24accf493c69133248fd69 installed
perl-Class-Struct-0:0.66-481.el9.noarch 1713228288 26954 6c5237f037cb78293e0975409bf9f29c installed
perl-File-Temp-1:0.231.100-4.el9.noarch 1652801313 166550 f59e524679a0053d68e5543e8e7e314f installed
perl-HTTP-Tiny-0.076-462.el9.noarch 1713427031 150675 c0d71e59cd5878a35fb4e106c7f2a7b7 installed
perl-Socket-4:2.031-4.el9.x86_64 1653563160 124985 249702354e9054c64a9e9e44c213ec96 installed
perl-Symbol-0:1.08-481.el9.noarch 1713228288 7846 7cdc30051885be225a5ca6deedf37ec1 installed
perl-SelectSaver-0:1.02-481.el9.noarch 1713228288 3170 02a8b3a2473be4bd5dceee5f8c567ac6 installed
perl-File-stat-0:1.09-481.el9.noarch 1713228288 13948 97486ed650fe7ca9644af389fa96a2ad installed
perl-podlators-1:4.14-460.el9.noarch 1652703807 288742 75c523a2efcbe66c05f7ab55f9c528a8 installed
perl-Pod-Perldoc-3.28.01-461.el9.noarch 1652267564 170960 83cda205537bd2ad32547af109e20f11 installed
perl-Text-ParseWords-3.30-460.el9.noarch 1652267600 13101 f0cff9642d107f0207c44c00e68af130 installed
perl-mro-0:1.23-481.el9.x86_64 1713228288 43587 62d74b5e622e3c78923d045febe7205d installed
perl-Fcntl-0:1.13-481.el9.x86_64 1713228288 30227 3f66f2a7b69fe1c49ebd09cac7750a1b installed
perl-overloading-0:0.02-481.el9.noarch 1713228288 5893 cbfb48ee50ae69d1d4c08980007094b4 installed
perl-IO-0:1.43-481.el9.x86_64 1713228288 163239 ab80d60e75bbae58d650b91ac08a6009 installed
perl-Pod-Usage-4:2.01-4.el9.noarch 1652267606 87186 98f6af2a3d64753ac904d5d9407e878e installed
perl-constant-1.33-461.el9.noarch 1652703807 27104 5ce71c74c1015b01495bb65d073fe87a installed
perl-Scalar-List-Utils-4:1.56-461.el9.x86_64 1652703723 143660 0b0074f36e52345e656a4c7cf4d844e1 installed
perl-MIME-Base64-3.16-4.el9.x86_64 1652703869 48153 79131d65e200b0c6e64dc18850ff8a06 installed
perl-Errno-0:1.30-481.el9.x86_64 1713228288 9533 404d313a03874809e8a8620ece95b806 installed
perl-vars-0:1.05-481.el9.noarch 1713228288 4926 3e01697c9ce600d7804881eb24e85b73 installed
perl-overload-0:1.31-481.el9.noarch 1713228288 72821 1e0f50423355949936de6cb535a4f673 installed
perl-Getopt-Std-0:1.12-481.el9.noarch 1713228288 12107 a459fe0f92782342813c5ef2d470db08 installed
perl-File-Basename-0:2.85-481.el9.noarch 1713228288 15339 63825a6179e4c64cf413e59f37c70eca installed
perl-Storable-1:3.21-460.el9.x86_64 1652704072 228556 f562f7fa711e68402776f692f3add570 installed
perl-parent-1:0.238-460.el9.noarch 1653563243 9535 cd964be73bdf6940a87b3d0fe0476847 installed
perl-Getopt-Long-1:2.52-4.el9.noarch 1652267711 139937 d27908b132dda891df7dc6951fa2c34b installed
perl-Exporter-5.74-461.el9.noarch 1652267594 55359 c01c2a31a2561b748052cc0463c35215 installed
perl-Carp-1.50-460.el9.noarch 1652703890 47889 681f4c99b5527e73056664a5218266f1 installed
perl-PathTools-3.78-461.el9.x86_64 1652704061 182542 835426614e155f37f1ffa650efe6de40 installed
perl-Encode-4:3.08-462.el9.x86_64 1652703595 10240082 cf3cbbaf60be22194fd1dae2a20da92a installed
perl-libs-4:5.32.1-481.el9.x86_64 1713228288 8958832 671606d9c593864c6e9fd78aeff91031 installed
perl-interpreter-4:5.32.1-481.el9.x86_64 1713228288 120204 e9b7bea54466885d6ae165713cfbba50 installed
kernel-srpm-macros-1.0-13.el9.noarch 1697600815 16918 89f5468b101517dbed0de0f407d06061 installed
openssl-1:3.0.7-28.el9_4.x86_64 1726687677 1895293 74391e7aa2ab98896f4625ecabb98c26 installed
libpwquality-1.4.4-8.el9.x86_64 1653510445 416416 fca0191f7104f50acf34e27c0fb604a8 installed
pam-1.5.1-19.el9.x86_64 1713237664 1900682 199d9792e897255db4e27d162540dfc0 installed
util-linux-2.37.4-18.el9.x86_64 1713637417 11156289 c0aaaf29ebd52f5b7da077c22b4a7499 installed
libarchive-3.5.3-4.el9.0.1.x86_64 1714796911 906286 668c7e62db3897ce2949ec64366b28ba installed
kmod-libs-28-9.el9.x86_64 1698657238 133910 29fbb207aa08a0b1a80fff18e4db2d30 installed
libevent-2.1.12-8.el9_4.x86_64 1725400962 928090 d9405087fd87d67381a1f397a7e25664 installed
openldap-2.6.6-3.el9.x86_64 1713319535 1082711 8088e125c4b347a295a1cc5213c1fb9e installed
tar-2:1.34-6.el9_4.1.x86_64 1725914175 3155459 25b767e0e8203e3e448bd820bac0de1b installed
patch-2.7.6-16.el9.x86_64 1652704128 265546 bdfc6d2c361a1fc7c381fea53c0a76ac installed
publicsuffix-list-dafsa-20210518-3.el9.noarch 1652444449 68815 d1ed826a6c010597e8edb6dc130b0901 installed
libpsl-0.21.1-5.el9.x86_64 1653510225 78616 cc480e6508a7637917397ee92fede3a0 installed
libcurl-7.76.1-29.el9_4.1.x86_64 1724056609 667646 3e17e6a12c9745b2d34ff087dd019090 installed
curl-7.76.1-29.el9_4.1.x86_64 1724056609 684697 8dc2207329568a0c6c317a887f2dda44 installed
rpm-libs-4.16.1.3-29.el9.x86_64 1712393395 769236 cd05f644637bdfe7a750fa1a0513285a installed
rpm-4.16.1.3-29.el9.x86_64 1712393395 2750384 2d6590e7a9f61a68cd50a740ff76a7a5 installed
policycoreutils-3.6-2.1.el9.x86_64 1712517645 723679 df811908db7f21e994f2ba849496d4a5 installed
dbus-1:1.12.20-8.el9.x86_64 1698743024 0 947c1e48cfc869c3dd317e3713324e4d installed
systemd-pam-252-32.el9_4.7.x86_64 1725388762 518443 c69697e277058f5c9c6dec9942841bbd installed
systemd-252-32.el9_4.7.x86_64 1725388762 12813199 4c7211cc435cada5e2385ccca0b57829 installed
dbus-common-1:1.12.20-8.el9.noarch 1698743008 11394 d786da87871c5a3b8c947939d0753e4a installed
dbus-broker-28-7.el9.x86_64 1667341762 393994 4fae4c80fdf61bf748ad9d76baa31ea6 installed
elfutils-default-yama-scope-0.190-2.el9.noarch 1712390065 1810 61ba508434b9c43326fee5f3b5839c88 installed
elfutils-libs-0.190-2.el9.x86_64 1712390066 706157 e524c27b513aec0f18279549bd549caa installed
elfutils-debuginfod-client-0.190-2.el9.x86_64 1712390066 61643 ccee23aceffbac33f4a0facece8e3362 installed
binutils-gold-2.35.2-43.el9.x86_64 1712387830 2129051 f78cfc2185728dadc0925e0d25ac8ad0 installed
binutils-2.35.2-43.el9.x86_64 1712387830 25206597 702341778d9f75596a3e42c4172fa2cd installed
elfutils-0.190-2.el9.x86_64 1712390066 2934332 7856900308c63ec17a054763ab906770 installed
gdb-minimal-10.2-13.el9.x86_64 1712390728 11543678 ee6ebc945afc805d1529c3389dd25380 installed
debugedit-5.0-5.el9.x86_64 1713344095 193970 f5280b693929fc96afff319b687f681f installed
rpm-build-libs-4.16.1.3-29.el9.x86_64 1712393395 198558 ae11b91c0da6d0ab0298cbe877cf44ca installed
efi-srpm-macros-6-2.el9_0.noarch 1653178850 41043 54ec93ffc50a97134d68cad135ce9d80 installed
lua-srpm-macros-1-6.el9.noarch 1652484897 1314 870f5bd7a9f316ac2a42d6cda3bc6d41 installed
python-srpm-macros-3.9-53.el9.noarch 1712041013 37100 5b6f64787f14b9d5c8c990b3ac3e63de installed
fonts-srpm-macros-1:2.0.5-7.el9.1.noarch 1652446192 56503 356003bd30cda7187d766cba0c547d8c installed
go-srpm-macros-3.2.0-3.el9.noarch 1712040629 61202 73ad2b7fc5ab2ce9a1aba47f9cb69b75 installed
redhat-rpm-config-207-1.el9.noarch 1712040084 191429 5a55580a225a88068a317738b4d0799f installed
rpm-build-4.16.1.3-29.el9.x86_64 1712393395 149791 47e4bf9f08626994bb04930a1382ccb4 installed
pyproject-srpm-macros-1.12.0-1.el9.noarch 1712042607 1514 30226006744a48c94db34edf420a01fc installed
forge-srpm-macros-0.3.1-1.el9.noarch 1712766931 39955 353b56609756440648bbdf51ff2359ce installed
go-srpm-macros-epel-3.3.0.5-1.el9.noarch 1710018426 63435 d58c2f2a638a8cc03d80a727a57d5ca5 installed
rpmautospec-rpm-macros-0.7.2-1.el9.noarch 1725019082 707 8cb93634a399ee0ac96ac35b825ed6c9 installed
epel-rpm-macros-9-14.el9.noarch 1709417945 18627 7b883e7ba61d0384d1da4604a40ae1ae installed
net-tools-2.0-0.62.20160912git.el9.x86_64 1652703956 933876 9e49ff91338e587b235c37026d257918 installed
which-2.21-29.el9.x86_64 1698296559 81813 c6d630ed83edc5a755b0ef0a6352185c installed
glibc-gconv-extra-2.34-100.el9_4.4.x86_64 1727797781 8162292 b0d74a8b6284bab6168d75dec47b5d6e installed
glibc-common-2.34-100.el9_4.4.x86_64 1727797781 1083841 2224a1aebcad80772f38e336ae54f0d9 installed
glibc-2.34-100.el9_4.4.x86_64 1727797781 6451515 4c52d50b0064d889e2fd425e134a483a installed
glibc-minimal-langpack-2.34-100.el9_4.4.x86_64 1727797781 0 525a9677ed8bbfd91b3019982a203d92 installed
m4-1.4.19-1.el9.x86_64 1653510252 595478 e82bae38249f859e6913abb11426b6b6 installed
perl-File-Compare-0:1.100.600-481.el9.noarch 1713228288 6696 f4f2aee4426263a5d9e05dac7e40c563 installed
perl-File-Copy-0:2.34-481.el9.noarch 1713228288 21087 a2a545f75eb1be8cf47368c289a22cd1 installed
perl-DynaLoader-0:1.47-481.el9.x86_64 1713228288 33065 64ef779b62454b3d6dc73ff59bf5e57b installed
libmpc-1.2.1-4.el9.x86_64 1652484974 138637 9d370c48a81c56b99bdb7c4d0aae607e installed
perl-threads-1:2.25-460.el9.x86_64 1652703907 114578 608341cc1b5509d2d376fbb72eff15ec installed
perl-threads-shared-1.61-460.el9.0.1.x86_64 1661974323 82301 eab95a098af3d5fcb4e1f5fb0bf047e5 installed
perl-Thread-Queue-3.14-460.el9.noarch 1652703724 29828 05a05143762958a58eaa030ff1087bca installed
cpp-11.4.1-3.el9.x86_64 1712023611 30354557 8b64d9f0d754d4ed7c2144199545684b installed
libdnet-1.14-5.el9.x86_64 1651884062 82582 24af8e395167c2b492a4f2f86acd705f installed
kernel-headers-5.14.0-427.37.1.el9_4.x86_64 1727262528 6166324 ff677181613a68f40f2a47c33eb68d31 installed
glibc-headers-2.34-100.el9_4.4.x86_64 1727797781 2169109 251a915c04e443881cb9d9ad35670e9f installed
glibc-devel-2.34-100.el9_4.4.x86_64 1727797781 38176 3b5639adcaff836bb9d3498071a6df33 installed
libxcrypt-devel-4.4.18-3.el9.x86_64 1653510262 31019 fda458b53a75fcd4b21c7f7e2b02e461 installed
emacs-filesystem-1:27.2-10.el9_4.noarch 1725915896 0 7a2593ed07cb22205e7909738ecc8838 installed
perl-File-Find-0:1.37-481.el9.noarch 1713228288 39636 8463607782229199ec8d6fddc6d8b853 installed
autoconf-2.69-38.el9.noarch 1652712111 2324045 ecbbdc98f971d513c7cae2f1b80c041a installed
automake-1.16.2-8.el9.noarch 1698790646 1798894 d2d0421f0665e8ed998c377f53e8343b installed
make-1:4.3-8.el9.x86_64 1713688249 1719814 8cb0facf22181efda18b2ad4f29ce8a2 installed
gcc-11.4.1-3.el9.x86_64 1712023611 89262300 7abbea9697c525592e944d7ffbe553c1 installed
libnl3-3.9.0-1.el9.x86_64 1713345007 1095495 d039dcf0cddbfd96815c7f5705be74b3 installed
libibverbs-48.0-1.el9.x86_64 1712650230 1125907 a23df26615e4fbfda9dedb392b83f9c7 installed
libpcap-14:1.10.0-4.el9.x86_64 1652703788 403468 9f5c1d02ae7e7aa6e7f5f4b19fdf7069 installed
libedit-3.1-38.20210216cvs.el9.x86_64 1698867426 251839 82d03f76417695578b5140e36da31fb2 installed
llvm-libs-17.0.6-5.el9.x86_64 1712124383 107318504 3c307f91e6f6c3d269e668146e014572 installed
annobin-12.31-2.el9.x86_64 1712386934 1165876 5d87abf8548038ff6e11673532405c39 installed
libpcap-devel-14:1.10.0-4.el9.x86_64 1652703788 246497 3ae56a1215eb0b2a903fee4c0c6d642e installed
libtool-2.4.6-45.el9.x86_64 1652484942 2687665 6de0fa33b16c623a7e855937b49437c4 installed
gcc-plugin-annobin-11.4.1-3.el9.x86_64 1712023611 53658 1db72b3ed211227f27244fb998a4f153 installed
libdnet-devel-1.14-5.el9.x86_64 1651884062 67067 04bf0e5df099640b074a99c128625c6f installed
flex-2.6.4-9.el9.x86_64 1652712185 923716 b18024ce7bfdef3002b7abfe2cba4f6f installed
bison-3.7.4-5.el9.x86_64 1653509790 3279391 b69d32d051adb79368af40882fbce091 installed
