2024-10-09 12:45:40,656 - Mock Version: 5.6
2024-10-09 12:45:40,659 - Start(bootstrap): chroot init
2024-10-09 12:45:40,667 - Start(bootstrap): cleaning package manager metadata
2024-10-09 12:45:40,667 - Finish(bootstrap): cleaning package manager metadata
2024-10-09 12:45:40,820 - Finish(bootstrap): chroot init
2024-10-09 12:45:40,822 - Start: chroot init
2024-10-09 12:45:40,829 - Start: unpacking root cache
2024-10-09 12:45:41,725 - Finish: unpacking root cache
2024-10-09 12:45:41,726 - Start: cleaning package manager metadata
2024-10-09 12:45:41,728 - Finish: cleaning package manager metadata
2024-10-09 12:45:41,936 - Start: dnf update
2024-10-09 12:45:45,659 - Finish: dnf update
2024-10-09 12:45:45,830 - Finish: chroot init
2024-10-09 12:45:45,833 - Start: buildsrpm
2024-10-09 12:45:45,835 - Start: rpmbuild -bs
2024-10-09 12:45:45,895 - Finish: rpmbuild -bs
2024-10-09 12:45:45,896 - Finish: buildsrpm
2024-10-09 12:45:45,897 - Start: clean chroot
2024-10-09 12:45:46,899 - Finish: clean chroot
2024-10-09 12:45:46,899 - Finish: run
2024-10-09 12:46:21,037 - Mock Version: 5.6
2024-10-09 12:46:21,041 - Start(bootstrap): chroot init
2024-10-09 12:46:21,049 - Start(bootstrap): cleaning package manager metadata
2024-10-09 12:46:21,049 - Finish(bootstrap): cleaning package manager metadata
2024-10-09 12:46:21,200 - Finish(bootstrap): chroot init
2024-10-09 12:46:21,202 - Start: chroot init
2024-10-09 12:46:21,209 - Start: unpacking root cache
2024-10-09 12:46:22,115 - Finish: unpacking root cache
2024-10-09 12:46:22,116 - Start: cleaning package manager metadata
2024-10-09 12:46:22,118 - Finish: cleaning package manager metadata
2024-10-09 12:46:22,308 - Start: dnf update
2024-10-09 12:46:25,824 - Finish: dnf update
2024-10-09 12:46:25,990 - Finish: chroot init
2024-10-09 12:46:25,992 - Start: buildsrpm
2024-10-09 12:46:25,994 - Start: rpmbuild -bs
2024-10-09 12:46:26,057 - Finish: rpmbuild -bs
2024-10-09 12:46:26,058 - Finish: buildsrpm
2024-10-09 12:46:26,060 - Start: clean chroot
2024-10-09 12:46:27,064 - Finish: clean chroot
2024-10-09 12:46:27,065 - Finish: run
2024-10-09 12:46:27,443 - Mock Version: 5.6
2024-10-09 12:46:27,447 - Start(bootstrap): chroot init
2024-10-09 12:46:27,455 - Start(bootstrap): cleaning package manager metadata
2024-10-09 12:46:27,455 - Finish(bootstrap): cleaning package manager metadata
2024-10-09 12:46:27,609 - Finish(bootstrap): chroot init
2024-10-09 12:46:27,610 - Start: chroot init
2024-10-09 12:46:27,618 - Start: unpacking root cache
2024-10-09 12:46:28,529 - Finish: unpacking root cache
2024-10-09 12:46:28,531 - Start: cleaning package manager metadata
2024-10-09 12:46:28,532 - Finish: cleaning package manager metadata
2024-10-09 12:46:28,740 - Start: dnf update
2024-10-09 12:46:32,125 - Finish: dnf update
2024-10-09 12:46:32,284 - Finish: chroot init
2024-10-09 12:46:32,285 - Start: build phase for libdaq-4580f3-1.el9.rb.src.rpm
2024-10-09 12:46:32,285 - Start: build setup for libdaq-4580f3-1.el9.rb.src.rpm
2024-10-09 12:46:39,726 - Finish: build setup for libdaq-4580f3-1.el9.rb.src.rpm
2024-10-09 12:46:39,726 - Start: Outputting list of installed packages
2024-10-09 12:46:39,841 - Finish: Outputting list of installed packages
2024-10-09 12:46:39,841 - Start: rpmbuild libdaq-4580f3-1.el9.rb.src.rpm
2024-10-09 12:46:49,396 - Finish: rpmbuild libdaq-4580f3-1.el9.rb.src.rpm
2024-10-09 12:46:49,396 - Finish: build phase for libdaq-4580f3-1.el9.rb.src.rpm
2024-10-09 12:46:49,397 - Start: clean chroot
2024-10-09 12:46:50,501 - Finish: clean chroot
